<?xml version="1.0" encoding="UTF-8"?>
<testsuite xmlns:xsi="http://www.w3.org/2001/XMLSchema-instance" xsi:noNamespaceSchemaLocation="https://maven.apache.org/surefire/maven-surefire-plugin/xsd/surefire-test-report-3.0.xsd" version="3.0" name="org.deeplearning4j.examples.QuickTest" time="94.876" tests="1" errors="0" skipped="0" failures="0">
  <properties>
    <property name="java.specification.version" value="20"/>
    <property name="sun.cpu.isalist" value="amd64"/>
    <property name="sun.jnu.encoding" value="UTF-8"/>
    <property name="java.class.path" value="C:\Users\Samuel Oliveira\dl4j-examples\target\test-classes;C:\Users\Samuel Oliveira\dl4j-examples\target\classes;C:\Users\Samuel Oliveira\.m2\repository\org\nd4j\nd4j-native\1.0.0-M2.1\nd4j-native-1.0.0-M2.1.jar;C:\Users\Samuel Oliveira\.m2\repository\org\nd4j\nd4j-native\1.0.0-M2.1\nd4j-native-1.0.0-M2.1-windows-x86_64.jar;C:\Users\Samuel Oliveira\.m2\repository\org\bytedeco\javacpp\1.5.7\javacpp-1.5.7.jar;C:\Users\Samuel Oliveira\.m2\repository\org\nd4j\nd4j-api\1.0.0-M2.1\nd4j-api-1.0.0-M2.1.jar;C:\Users\Samuel Oliveira\.m2\repository\com\jakewharton\byteunits\byteunits\0.9.1\byteunits-0.9.1.jar;C:\Users\Samuel Oliveira\.m2\repository\org\apache\commons\commons-collections4\4.1\commons-collections4-4.1.jar;C:\Users\Samuel Oliveira\.m2\repository\com\google\flatbuffers\flatbuffers-java\1.12.0\flatbuffers-java-1.12.0.jar;C:\Users\Samuel Oliveira\.m2\repository\org\nd4j\protobuf\1.0.0-M2.1\protobuf-1.0.0-M2.1.jar;C:\Users\Samuel Oliveira\.m2\repository\commons-net\commons-net\3.1\commons-net-3.1.jar;C:\Users\Samuel Oliveira\.m2\repository\net\ericaro\neoitertools\1.0.0\neoitertools-1.0.0.jar;C:\Users\Samuel Oliveira\.m2\repository\org\nd4j\nd4j-native-api\1.0.0-M2.1\nd4j-native-api-1.0.0-M2.1.jar;C:\Users\Samuel Oliveira\.m2\repository\org\nd4j\nd4j-native-preset\1.0.0-M2.1\nd4j-native-preset-1.0.0-M2.1.jar;C:\Users\Samuel Oliveira\.m2\repository\org\nd4j\nd4j-presets-common\1.0.0-M2.1\nd4j-presets-common-1.0.0-M2.1.jar;C:\Users\Samuel Oliveira\.m2\repository\org\nd4j\nd4j-native-preset\1.0.0-M2.1\nd4j-native-preset-1.0.0-M2.1-windows-x86_64.jar;C:\Users\Samuel Oliveira\.m2\repository\org\bytedeco\openblas\0.3.19-1.5.7\openblas-0.3.19-1.5.7.jar;C:\Users\Samuel Oliveira\.m2\repository\org\bytedeco\openblas\0.3.19-1.5.7\openblas-0.3.19-1.5.7-windows-x86_64.jar;C:\Users\Samuel Oliveira\.m2\repository\org\bytedeco\javacpp\1.5.7\javacpp-1.5.7-windows-x86_64.jar;C:\Users\Samuel Oliveira\.m2\repository\org\datavec\datavec-api\1.0.0-M2.1\datavec-api-1.0.0-M2.1.jar;C:\Users\Samuel Oliveira\.m2\repository\org\apache\commons\commons-lang3\3.11\commons-lang3-3.11.jar;C:\Users\Samuel Oliveira\.m2\repository\commons-io\commons-io\2.7\commons-io-2.7.jar;C:\Users\Samuel Oliveira\.m2\repository\commons-codec\commons-codec\1.10\commons-codec-1.10.jar;C:\Users\Samuel Oliveira\.m2\repository\org\slf4j\slf4j-api\1.7.21\slf4j-api-1.7.21.jar;C:\Users\Samuel Oliveira\.m2\repository\joda-time\joda-time\2.2\joda-time-2.2.jar;C:\Users\Samuel Oliveira\.m2\repository\org\nd4j\jackson\1.0.0-M2.1\jackson-1.0.0-M2.1.jar;C:\Users\Samuel Oliveira\.m2\repository\org\freemarker\freemarker\2.3.23\freemarker-2.3.23.jar;C:\Users\Samuel Oliveira\.m2\repository\org\nd4j\nd4j-common\1.0.0-M2.1\nd4j-common-1.0.0-M2.1.jar;C:\Users\Samuel Oliveira\.m2\repository\org\nd4j\guava\1.0.0-M2.1\guava-1.0.0-M2.1.jar;C:\Users\Samuel Oliveira\.m2\repository\com\clearspring\analytics\stream\2.9.8\stream-2.9.8.jar;C:\Users\Samuel Oliveira\.m2\repository\net\sf\opencsv\opencsv\2.3\opencsv-2.3.jar;C:\Users\Samuel Oliveira\.m2\repository\com\tdunning\t-digest\3.2\t-digest-3.2.jar;C:\Users\Samuel Oliveira\.m2\repository\it\unimi\dsi\fastutil\6.5.7\fastutil-6.5.7.jar;C:\Users\Samuel Oliveira\.m2\repository\org\datavec\datavec-data-image\1.0.0-M2.1\datavec-data-image-1.0.0-M2.1.jar;C:\Users\Samuel Oliveira\.m2\repository\com\github\jai-imageio\jai-imageio-core\1.3.0\jai-imageio-core-1.3.0.jar;C:\Users\Samuel Oliveira\.m2\repository\com\twelvemonkeys\imageio\imageio-jpeg\3.1.1\imageio-jpeg-3.1.1.jar;C:\Users\Samuel Oliveira\.m2\repository\com\twelvemonkeys\imageio\imageio-core\3.1.1\imageio-core-3.1.1.jar;C:\Users\Samuel Oliveira\.m2\repository\com\twelvemonkeys\imageio\imageio-metadata\3.1.1\imageio-metadata-3.1.1.jar;C:\Users\Samuel Oliveira\.m2\repository\com\twelvemonkeys\common\common-lang\3.1.1\common-lang-3.1.1.jar;C:\Users\Samuel Oliveira\.m2\repository\com\twelvemonkeys\common\common-io\3.1.1\common-io-3.1.1.jar;C:\Users\Samuel Oliveira\.m2\repository\com\twelvemonkeys\common\common-image\3.1.1\common-image-3.1.1.jar;C:\Users\Samuel Oliveira\.m2\repository\com\twelvemonkeys\imageio\imageio-tiff\3.1.1\imageio-tiff-3.1.1.jar;C:\Users\Samuel Oliveira\.m2\repository\com\twelvemonkeys\imageio\imageio-psd\3.1.1\imageio-psd-3.1.1.jar;C:\Users\Samuel Oliveira\.m2\repository\com\twelvemonkeys\imageio\imageio-bmp\3.1.1\imageio-bmp-3.1.1.jar;C:\Users\Samuel Oliveira\.m2\repository\org\bytedeco\javacv\1.5.7\javacv-1.5.7.jar;C:\Users\Samuel Oliveira\.m2\repository\org\bytedeco\opencv\4.5.5-1.5.7\opencv-4.5.5-1.5.7.jar;C:\Users\Samuel Oliveira\.m2\repository\org\bytedeco\ffmpeg\5.0-1.5.7\ffmpeg-5.0-1.5.7.jar;C:\Users\Samuel Oliveira\.m2\repository\org\bytedeco\flycapture\2.13.3.31-1.5.7\flycapture-2.13.3.31-1.5.7.jar;C:\Users\Samuel Oliveira\.m2\repository\org\bytedeco\libdc1394\2.2.6-1.5.7\libdc1394-2.2.6-1.5.7.jar;C:\Users\Samuel Oliveira\.m2\repository\org\bytedeco\libfreenect\0.5.7-1.5.7\libfreenect-0.5.7-1.5.7.jar;C:\Users\Samuel Oliveira\.m2\repository\org\bytedeco\libfreenect2\0.2.0-1.5.7\libfreenect2-0.2.0-1.5.7.jar;C:\Users\Samuel Oliveira\.m2\repository\org\bytedeco\librealsense\1.12.4-1.5.7\librealsense-1.12.4-1.5.7.jar;C:\Users\Samuel Oliveira\.m2\repository\org\bytedeco\librealsense2\2.50.0-1.5.7\librealsense2-2.50.0-1.5.7.jar;C:\Users\Samuel Oliveira\.m2\repository\org\bytedeco\videoinput\0.200-1.5.7\videoinput-0.200-1.5.7.jar;C:\Users\Samuel Oliveira\.m2\repository\org\bytedeco\artoolkitplus\2.3.1-1.5.7\artoolkitplus-2.3.1-1.5.7.jar;C:\Users\Samuel Oliveira\.m2\repository\org\bytedeco\flandmark\1.07-1.5.7\flandmark-1.07-1.5.7.jar;C:\Users\Samuel Oliveira\.m2\repository\org\bytedeco\leptonica\1.82.0-1.5.7\leptonica-1.82.0-1.5.7.jar;C:\Users\Samuel Oliveira\.m2\repository\org\bytedeco\tesseract\5.0.1-1.5.7\tesseract-5.0.1-1.5.7.jar;C:\Users\Samuel Oliveira\.m2\repository\org\bytedeco\opencv-platform\4.5.5-1.5.7\opencv-platform-4.5.5-1.5.7.jar;C:\Users\Samuel Oliveira\.m2\repository\org\bytedeco\opencv\4.5.5-1.5.7\opencv-4.5.5-1.5.7-android-arm.jar;C:\Users\Samuel Oliveira\.m2\repository\org\bytedeco\opencv\4.5.5-1.5.7\opencv-4.5.5-1.5.7-android-arm64.jar;C:\Users\Samuel Oliveira\.m2\repository\org\bytedeco\opencv\4.5.5-1.5.7\opencv-4.5.5-1.5.7-android-x86.jar;C:\Users\Samuel Oliveira\.m2\repository\org\bytedeco\opencv\4.5.5-1.5.7\opencv-4.5.5-1.5.7-android-x86_64.jar;C:\Users\Samuel Oliveira\.m2\repository\org\bytedeco\opencv\4.5.5-1.5.7\opencv-4.5.5-1.5.7-ios-arm64.jar;C:\Users\Samuel Oliveira\.m2\repository\org\bytedeco\opencv\4.5.5-1.5.7\opencv-4.5.5-1.5.7-ios-x86_64.jar;C:\Users\Samuel Oliveira\.m2\repository\org\bytedeco\opencv\4.5.5-1.5.7\opencv-4.5.5-1.5.7-linux-x86.jar;C:\Users\Samuel Oliveira\.m2\repository\org\bytedeco\opencv\4.5.5-1.5.7\opencv-4.5.5-1.5.7-linux-x86_64.jar;C:\Users\Samuel Oliveira\.m2\repository\org\bytedeco\opencv\4.5.5-1.5.7\opencv-4.5.5-1.5.7-linux-armhf.jar;C:\Users\Samuel Oliveira\.m2\repository\org\bytedeco\opencv\4.5.5-1.5.7\opencv-4.5.5-1.5.7-linux-arm64.jar;C:\Users\Samuel Oliveira\.m2\repository\org\bytedeco\opencv\4.5.5-1.5.7\opencv-4.5.5-1.5.7-linux-ppc64le.jar;C:\Users\Samuel Oliveira\.m2\repository\org\bytedeco\opencv\4.5.5-1.5.7\opencv-4.5.5-1.5.7-macosx-arm64.jar;C:\Users\Samuel Oliveira\.m2\repository\org\bytedeco\opencv\4.5.5-1.5.7\opencv-4.5.5-1.5.7-macosx-x86_64.jar;C:\Users\Samuel Oliveira\.m2\repository\org\bytedeco\opencv\4.5.5-1.5.7\opencv-4.5.5-1.5.7-windows-x86.jar;C:\Users\Samuel Oliveira\.m2\repository\org\bytedeco\opencv\4.5.5-1.5.7\opencv-4.5.5-1.5.7-windows-x86_64.jar;C:\Users\Samuel Oliveira\.m2\repository\org\bytedeco\leptonica-platform\1.82.0-1.5.7\leptonica-platform-1.82.0-1.5.7.jar;C:\Users\Samuel Oliveira\.m2\repository\org\bytedeco\javacpp-platform\1.5.7\javacpp-platform-1.5.7.jar;C:\Users\Samuel Oliveira\.m2\repository\org\bytedeco\javacpp\1.5.7\javacpp-1.5.7-android-arm.jar;C:\Users\Samuel Oliveira\.m2\repository\org\bytedeco\javacpp\1.5.7\javacpp-1.5.7-android-arm64.jar;C:\Users\Samuel Oliveira\.m2\repository\org\bytedeco\javacpp\1.5.7\javacpp-1.5.7-android-x86.jar;C:\Users\Samuel Oliveira\.m2\repository\org\bytedeco\javacpp\1.5.7\javacpp-1.5.7-android-x86_64.jar;C:\Users\Samuel Oliveira\.m2\repository\org\bytedeco\javacpp\1.5.7\javacpp-1.5.7-ios-arm64.jar;C:\Users\Samuel Oliveira\.m2\repository\org\bytedeco\javacpp\1.5.7\javacpp-1.5.7-ios-x86_64.jar;C:\Users\Samuel Oliveira\.m2\repository\org\bytedeco\javacpp\1.5.7\javacpp-1.5.7-linux-armhf.jar;C:\Users\Samuel Oliveira\.m2\repository\org\bytedeco\javacpp\1.5.7\javacpp-1.5.7-linux-arm64.jar;C:\Users\Samuel Oliveira\.m2\repository\org\bytedeco\javacpp\1.5.7\javacpp-1.5.7-linux-ppc64le.jar;C:\Users\Samuel Oliveira\.m2\repository\org\bytedeco\javacpp\1.5.7\javacpp-1.5.7-linux-x86.jar;C:\Users\Samuel Oliveira\.m2\repository\org\bytedeco\javacpp\1.5.7\javacpp-1.5.7-linux-x86_64.jar;C:\Users\Samuel Oliveira\.m2\repository\org\bytedeco\javacpp\1.5.7\javacpp-1.5.7-macosx-arm64.jar;C:\Users\Samuel Oliveira\.m2\repository\org\bytedeco\javacpp\1.5.7\javacpp-1.5.7-macosx-x86_64.jar;C:\Users\Samuel Oliveira\.m2\repository\org\bytedeco\javacpp\1.5.7\javacpp-1.5.7-windows-x86.jar;C:\Users\Samuel Oliveira\.m2\repository\org\bytedeco\leptonica\1.82.0-1.5.7\leptonica-1.82.0-1.5.7-android-arm.jar;C:\Users\Samuel Oliveira\.m2\repository\org\bytedeco\leptonica\1.82.0-1.5.7\leptonica-1.82.0-1.5.7-android-arm64.jar;C:\Users\Samuel Oliveira\.m2\repository\org\bytedeco\leptonica\1.82.0-1.5.7\leptonica-1.82.0-1.5.7-android-x86.jar;C:\Users\Samuel Oliveira\.m2\repository\org\bytedeco\leptonica\1.82.0-1.5.7\leptonica-1.82.0-1.5.7-android-x86_64.jar;C:\Users\Samuel Oliveira\.m2\repository\org\bytedeco\leptonica\1.82.0-1.5.7\leptonica-1.82.0-1.5.7-linux-x86.jar;C:\Users\Samuel Oliveira\.m2\repository\org\bytedeco\leptonica\1.82.0-1.5.7\leptonica-1.82.0-1.5.7-linux-x86_64.jar;C:\Users\Samuel Oliveira\.m2\repository\org\bytedeco\leptonica\1.82.0-1.5.7\leptonica-1.82.0-1.5.7-linux-armhf.jar;C:\Users\Samuel Oliveira\.m2\repository\org\bytedeco\leptonica\1.82.0-1.5.7\leptonica-1.82.0-1.5.7-linux-arm64.jar;C:\Users\Samuel Oliveira\.m2\repository\org\bytedeco\leptonica\1.82.0-1.5.7\leptonica-1.82.0-1.5.7-linux-ppc64le.jar;C:\Users\Samuel Oliveira\.m2\repository\org\bytedeco\leptonica\1.82.0-1.5.7\leptonica-1.82.0-1.5.7-macosx-x86_64.jar;C:\Users\Samuel Oliveira\.m2\repository\org\bytedeco\leptonica\1.82.0-1.5.7\leptonica-1.82.0-1.5.7-windows-x86.jar;C:\Users\Samuel Oliveira\.m2\repository\org\bytedeco\leptonica\1.82.0-1.5.7\leptonica-1.82.0-1.5.7-windows-x86_64.jar;C:\Users\Samuel Oliveira\.m2\repository\org\bytedeco\hdf5-platform\1.12.1-1.5.7\hdf5-platform-1.12.1-1.5.7.jar;C:\Users\Samuel Oliveira\.m2\repository\org\bytedeco\hdf5\1.12.1-1.5.7\hdf5-1.12.1-1.5.7.jar;C:\Users\Samuel Oliveira\.m2\repository\org\bytedeco\hdf5\1.12.1-1.5.7\hdf5-1.12.1-1.5.7-linux-x86.jar;C:\Users\Samuel Oliveira\.m2\repository\org\bytedeco\hdf5\1.12.1-1.5.7\hdf5-1.12.1-1.5.7-linux-x86_64.jar;C:\Users\Samuel Oliveira\.m2\repository\org\bytedeco\hdf5\1.12.1-1.5.7\hdf5-1.12.1-1.5.7-linux-armhf.jar;C:\Users\Samuel Oliveira\.m2\repository\org\bytedeco\hdf5\1.12.1-1.5.7\hdf5-1.12.1-1.5.7-linux-arm64.jar;C:\Users\Samuel Oliveira\.m2\repository\org\bytedeco\hdf5\1.12.1-1.5.7\hdf5-1.12.1-1.5.7-linux-ppc64le.jar;C:\Users\Samuel Oliveira\.m2\repository\org\bytedeco\hdf5\1.12.1-1.5.7\hdf5-1.12.1-1.5.7-macosx-x86_64.jar;C:\Users\Samuel Oliveira\.m2\repository\org\bytedeco\hdf5\1.12.1-1.5.7\hdf5-1.12.1-1.5.7-windows-x86.jar;C:\Users\Samuel Oliveira\.m2\repository\org\bytedeco\hdf5\1.12.1-1.5.7\hdf5-1.12.1-1.5.7-windows-x86_64.jar;C:\Users\Samuel Oliveira\.m2\repository\org\bytedeco\ffmpeg-platform\5.0-1.5.7\ffmpeg-platform-5.0-1.5.7.jar;C:\Users\Samuel Oliveira\.m2\repository\org\bytedeco\ffmpeg\5.0-1.5.7\ffmpeg-5.0-1.5.7-android-arm.jar;C:\Users\Samuel Oliveira\.m2\repository\org\bytedeco\ffmpeg\5.0-1.5.7\ffmpeg-5.0-1.5.7-android-arm64.jar;C:\Users\Samuel Oliveira\.m2\repository\org\bytedeco\ffmpeg\5.0-1.5.7\ffmpeg-5.0-1.5.7-android-x86.jar;C:\Users\Samuel Oliveira\.m2\repository\org\bytedeco\ffmpeg\5.0-1.5.7\ffmpeg-5.0-1.5.7-android-x86_64.jar;C:\Users\Samuel Oliveira\.m2\repository\org\bytedeco\ffmpeg\5.0-1.5.7\ffmpeg-5.0-1.5.7-linux-x86.jar;C:\Users\Samuel Oliveira\.m2\repository\org\bytedeco\ffmpeg\5.0-1.5.7\ffmpeg-5.0-1.5.7-linux-x86_64.jar;C:\Users\Samuel Oliveira\.m2\repository\org\bytedeco\ffmpeg\5.0-1.5.7\ffmpeg-5.0-1.5.7-linux-armhf.jar;C:\Users\Samuel Oliveira\.m2\repository\org\bytedeco\ffmpeg\5.0-1.5.7\ffmpeg-5.0-1.5.7-linux-arm64.jar;C:\Users\Samuel Oliveira\.m2\repository\org\bytedeco\ffmpeg\5.0-1.5.7\ffmpeg-5.0-1.5.7-linux-ppc64le.jar;C:\Users\Samuel Oliveira\.m2\repository\org\bytedeco\ffmpeg\5.0-1.5.7\ffmpeg-5.0-1.5.7-macosx-arm64.jar;C:\Users\Samuel Oliveira\.m2\repository\org\bytedeco\ffmpeg\5.0-1.5.7\ffmpeg-5.0-1.5.7-macosx-x86_64.jar;C:\Users\Samuel Oliveira\.m2\repository\org\bytedeco\ffmpeg\5.0-1.5.7\ffmpeg-5.0-1.5.7-windows-x86.jar;C:\Users\Samuel Oliveira\.m2\repository\org\bytedeco\ffmpeg\5.0-1.5.7\ffmpeg-5.0-1.5.7-windows-x86_64.jar;C:\Users\Samuel Oliveira\.m2\repository\org\datavec\datavec-local\1.0.0-M2.1\datavec-local-1.0.0-M2.1.jar;C:\Users\Samuel Oliveira\.m2\repository\com\codepoetics\protonpack\1.15\protonpack-1.15.jar;C:\Users\Samuel Oliveira\.m2\repository\org\datavec\datavec-arrow\1.0.0-M2.1\datavec-arrow-1.0.0-M2.1.jar;C:\Users\Samuel Oliveira\.m2\repository\org\apache\arrow\arrow-vector\6.0.1\arrow-vector-6.0.1.jar;C:\Users\Samuel Oliveira\.m2\repository\org\apache\arrow\arrow-format\6.0.1\arrow-format-6.0.1.jar;C:\Users\Samuel Oliveira\.m2\repository\org\apache\arrow\arrow-memory-core\6.0.1\arrow-memory-core-6.0.1.jar;C:\Users\Samuel Oliveira\.m2\repository\com\fasterxml\jackson\core\jackson-core\2.11.4\jackson-core-2.11.4.jar;C:\Users\Samuel Oliveira\.m2\repository\com\fasterxml\jackson\core\jackson-annotations\2.11.4\jackson-annotations-2.11.4.jar;C:\Users\Samuel Oliveira\.m2\repository\com\fasterxml\jackson\core\jackson-databind\2.11.4\jackson-databind-2.11.4.jar;C:\Users\Samuel Oliveira\.m2\repository\io\netty\netty-common\4.1.68.Final\netty-common-4.1.68.Final.jar;C:\Users\Samuel Oliveira\.m2\repository\org\nd4j\python4j-numpy\1.0.0-M2.1\python4j-numpy-1.0.0-M2.1.jar;C:\Users\Samuel Oliveira\.m2\repository\org\bytedeco\numpy-platform\1.22.2-1.5.7\numpy-platform-1.22.2-1.5.7.jar;C:\Users\Samuel Oliveira\.m2\repository\org\bytedeco\cpython-platform\3.10.2-1.5.7\cpython-platform-3.10.2-1.5.7.jar;C:\Users\Samuel Oliveira\.m2\repository\org\bytedeco\cpython\3.10.2-1.5.7\cpython-3.10.2-1.5.7.jar;C:\Users\Samuel Oliveira\.m2\repository\org\bytedeco\cpython\3.10.2-1.5.7\cpython-3.10.2-1.5.7-linux-x86.jar;C:\Users\Samuel Oliveira\.m2\repository\org\bytedeco\cpython\3.10.2-1.5.7\cpython-3.10.2-1.5.7-linux-x86_64.jar;C:\Users\Samuel Oliveira\.m2\repository\org\bytedeco\cpython\3.10.2-1.5.7\cpython-3.10.2-1.5.7-linux-armhf.jar;C:\Users\Samuel Oliveira\.m2\repository\org\bytedeco\cpython\3.10.2-1.5.7\cpython-3.10.2-1.5.7-linux-arm64.jar;C:\Users\Samuel Oliveira\.m2\repository\org\bytedeco\cpython\3.10.2-1.5.7\cpython-3.10.2-1.5.7-linux-ppc64le.jar;C:\Users\Samuel Oliveira\.m2\repository\org\bytedeco\cpython\3.10.2-1.5.7\cpython-3.10.2-1.5.7-macosx-x86_64.jar;C:\Users\Samuel Oliveira\.m2\repository\org\bytedeco\cpython\3.10.2-1.5.7\cpython-3.10.2-1.5.7-windows-x86.jar;C:\Users\Samuel Oliveira\.m2\repository\org\bytedeco\cpython\3.10.2-1.5.7\cpython-3.10.2-1.5.7-windows-x86_64.jar;C:\Users\Samuel Oliveira\.m2\repository\org\bytedeco\numpy\1.22.2-1.5.7\numpy-1.22.2-1.5.7.jar;C:\Users\Samuel Oliveira\.m2\repository\org\bytedeco\numpy\1.22.2-1.5.7\numpy-1.22.2-1.5.7-linux-x86.jar;C:\Users\Samuel Oliveira\.m2\repository\org\bytedeco\numpy\1.22.2-1.5.7\numpy-1.22.2-1.5.7-linux-x86_64.jar;C:\Users\Samuel Oliveira\.m2\repository\org\bytedeco\numpy\1.22.2-1.5.7\numpy-1.22.2-1.5.7-linux-armhf.jar;C:\Users\Samuel Oliveira\.m2\repository\org\bytedeco\numpy\1.22.2-1.5.7\numpy-1.22.2-1.5.7-linux-arm64.jar;C:\Users\Samuel Oliveira\.m2\repository\org\bytedeco\numpy\1.22.2-1.5.7\numpy-1.22.2-1.5.7-linux-ppc64le.jar;C:\Users\Samuel Oliveira\.m2\repository\org\bytedeco\numpy\1.22.2-1.5.7\numpy-1.22.2-1.5.7-macosx-x86_64.jar;C:\Users\Samuel Oliveira\.m2\repository\org\bytedeco\numpy\1.22.2-1.5.7\numpy-1.22.2-1.5.7-windows-x86.jar;C:\Users\Samuel Oliveira\.m2\repository\org\bytedeco\numpy\1.22.2-1.5.7\numpy-1.22.2-1.5.7-windows-x86_64.jar;C:\Users\Samuel Oliveira\.m2\repository\org\nd4j\python4j-core\1.0.0-M2.1\python4j-core-1.0.0-M2.1.jar;C:\Users\Samuel Oliveira\.m2\repository\org\json\json\20190722\json-20190722.jar;C:\Users\Samuel Oliveira\.m2\repository\org\nd4j\netty-common\1.0.0-M2.1\netty-common-1.0.0-M2.1.jar;C:\Users\Samuel Oliveira\.m2\repository\org\deeplearning4j\deeplearning4j-datasets\1.0.0-M2.1\deeplearning4j-datasets-1.0.0-M2.1.jar;C:\Users\Samuel Oliveira\.m2\repository\org\deeplearning4j\deeplearning4j-datavec-iterators\1.0.0-M2.1\deeplearning4j-datavec-iterators-1.0.0-M2.1.jar;C:\Users\Samuel Oliveira\.m2\repository\org\deeplearning4j\deeplearning4j-core\1.0.0-M2.1\deeplearning4j-core-1.0.0-M2.1.jar;C:\Users\Samuel Oliveira\.m2\repository\com\sun\activation\javax.activation\1.2.0\javax.activation-1.2.0.jar;C:\Users\Samuel Oliveira\.m2\repository\org\deeplearning4j\deeplearning4j-modelimport\1.0.0-M2.1\deeplearning4j-modelimport-1.0.0-M2.1.jar;C:\Users\Samuel Oliveira\.m2\repository\com\google\code\gson\gson\2.8.0\gson-2.8.0.jar;C:\Users\Samuel Oliveira\.m2\repository\org\deeplearning4j\deeplearning4j-nn\1.0.0-M2.1\deeplearning4j-nn-1.0.0-M2.1.jar;C:\Users\Samuel Oliveira\.m2\repository\org\deeplearning4j\deeplearning4j-utility-iterators\1.0.0-M2.1\deeplearning4j-utility-iterators-1.0.0-M2.1.jar;C:\Users\Samuel Oliveira\.m2\repository\org\apache\commons\commons-math3\3.5\commons-math3-3.5.jar;C:\Users\Samuel Oliveira\.m2\repository\org\apache\commons\commons-compress\1.21\commons-compress-1.21.jar;C:\Users\Samuel Oliveira\.m2\repository\org\deeplearning4j\deeplearning4j-ui-components\1.0.0-M2.1\deeplearning4j-ui-components-1.0.0-M2.1.jar;C:\Users\Samuel Oliveira\.m2\repository\com\github\oshi\oshi-json\3.4.2\oshi-json-3.4.2.jar;C:\Users\Samuel Oliveira\.m2\repository\org\glassfish\javax.json\1.0.4\javax.json-1.0.4.jar;C:\Users\Samuel Oliveira\.m2\repository\com\github\oshi\oshi-core\3.4.2\oshi-core-3.4.2.jar;C:\Users\Samuel Oliveira\.m2\repository\net\java\dev\jna\jna-platform\4.3.0\jna-platform-4.3.0.jar;C:\Users\Samuel Oliveira\.m2\repository\net\java\dev\jna\jna\4.3.0\jna-4.3.0.jar;C:\Users\Samuel Oliveira\.m2\repository\org\threeten\threetenbp\1.3.3\threetenbp-1.3.3.jar;C:\Users\Samuel Oliveira\.m2\repository\org\deeplearning4j\resources\1.0.0-M2.1\resources-1.0.0-M2.1.jar;C:\Users\Samuel Oliveira\.m2\repository\org\deeplearning4j\deeplearning4j-ui\1.0.0-M2.1\deeplearning4j-ui-1.0.0-M2.1.jar;C:\Users\Samuel Oliveira\.m2\repository\org\deeplearning4j\deeplearning4j-vertx\1.0.0-M2.1\deeplearning4j-vertx-1.0.0-M2.1.jar;C:\Users\Samuel Oliveira\.m2\repository\io\vertx\vertx-core\3.9.0\vertx-core-3.9.0.jar;C:\Users\Samuel Oliveira\.m2\repository\io\netty\netty-buffer\4.1.48.Final\netty-buffer-4.1.48.Final.jar;C:\Users\Samuel Oliveira\.m2\repository\io\netty\netty-transport\4.1.48.Final\netty-transport-4.1.48.Final.jar;C:\Users\Samuel Oliveira\.m2\repository\io\netty\netty-handler\4.1.48.Final\netty-handler-4.1.48.Final.jar;C:\Users\Samuel Oliveira\.m2\repository\io\netty\netty-codec\4.1.48.Final\netty-codec-4.1.48.Final.jar;C:\Users\Samuel Oliveira\.m2\repository\io\netty\netty-handler-proxy\4.1.48.Final\netty-handler-proxy-4.1.48.Final.jar;C:\Users\Samuel Oliveira\.m2\repository\io\netty\netty-codec-socks\4.1.48.Final\netty-codec-socks-4.1.48.Final.jar;C:\Users\Samuel Oliveira\.m2\repository\io\netty\netty-codec-http\4.1.48.Final\netty-codec-http-4.1.48.Final.jar;C:\Users\Samuel Oliveira\.m2\repository\io\netty\netty-codec-http2\4.1.48.Final\netty-codec-http2-4.1.48.Final.jar;C:\Users\Samuel Oliveira\.m2\repository\io\netty\netty-resolver\4.1.48.Final\netty-resolver-4.1.48.Final.jar;C:\Users\Samuel Oliveira\.m2\repository\io\netty\netty-resolver-dns\4.1.48.Final\netty-resolver-dns-4.1.48.Final.jar;C:\Users\Samuel Oliveira\.m2\repository\io\netty\netty-codec-dns\4.1.48.Final\netty-codec-dns-4.1.48.Final.jar;C:\Users\Samuel Oliveira\.m2\repository\io\vertx\vertx-web\3.9.0\vertx-web-3.9.0.jar;C:\Users\Samuel Oliveira\.m2\repository\io\vertx\vertx-web-common\3.9.0\vertx-web-common-3.9.0.jar;C:\Users\Samuel Oliveira\.m2\repository\io\vertx\vertx-auth-common\3.9.0\vertx-auth-common-3.9.0.jar;C:\Users\Samuel Oliveira\.m2\repository\io\vertx\vertx-bridge-common\3.9.0\vertx-bridge-common-3.9.0.jar;C:\Users\Samuel Oliveira\.m2\repository\jakarta\xml\bind\jakarta.xml.bind-api\2.3.2\jakarta.xml.bind-api-2.3.2.jar;C:\Users\Samuel Oliveira\.m2\repository\jakarta\activation\jakarta.activation-api\1.2.1\jakarta.activation-api-1.2.1.jar;C:\Users\Samuel Oliveira\.m2\repository\org\webjars\npm\babel__polyfill\7.4.4\babel__polyfill-7.4.4.jar;C:\Users\Samuel Oliveira\.m2\repository\org\webjars\npm\core-js\3.0.0-beta.9\core-js-3.0.0-beta.9.jar;C:\Users\Samuel Oliveira\.m2\repository\org\webjars\npm\regenerator-runtime\0.13.11\regenerator-runtime-0.13.11.jar;C:\Users\Samuel Oliveira\.m2\repository\org\webjars\npm\coreui__coreui\2.1.9\coreui__coreui-2.1.9.jar;C:\Users\Samuel Oliveira\.m2\repository\org\webjars\npm\coreui__icons\0.3.0\coreui__icons-0.3.0.jar;C:\Users\Samuel Oliveira\.m2\repository\org\webjars\npm\jquery\3.4.1\jquery-3.4.1.jar;C:\Users\Samuel Oliveira\.m2\repository\org\webjars\bower\popper.js\1.12.9\popper.js-1.12.9.jar;C:\Users\Samuel Oliveira\.m2\repository\org\webjars\npm\bootstrap\4.3.1\bootstrap-4.3.1.jar;C:\Users\Samuel Oliveira\.m2\repository\org\webjars\jquery\2.2.0\jquery-2.2.0.jar;C:\Users\Samuel Oliveira\.m2\repository\org\webjars\jquery-migrate\1.2.1\jquery-migrate-1.2.1.jar;C:\Users\Samuel Oliveira\.m2\repository\org\webjars\jquery-ui\1.10.2\jquery-ui-1.10.2.jar;C:\Users\Samuel Oliveira\.m2\repository\org\webjars\modernizr\2.8.3-1\modernizr-2.8.3-1.jar;C:\Users\Samuel Oliveira\.m2\repository\org\webjars\jquery-cookie\1.4.1-1\jquery-cookie-1.4.1-1.jar;C:\Users\Samuel Oliveira\.m2\repository\org\webjars\fullcalendar\1.6.4\fullcalendar-1.6.4.jar;C:\Users\Samuel Oliveira\.m2\repository\org\webjars\excanvas\3\excanvas-3.jar;C:\Users\Samuel Oliveira\.m2\repository\org\webjars\npm\cytoscape\3.3.3\cytoscape-3.3.3.jar;C:\Users\Samuel Oliveira\.m2\repository\org\webjars\npm\heap\0.2.7\heap-0.2.7.jar;C:\Users\Samuel Oliveira\.m2\repository\org\webjars\npm\lodash.debounce\4.0.8\lodash.debounce-4.0.8.jar;C:\Users\Samuel Oliveira\.m2\repository\org\webjars\bower\cytoscape-dagre\2.1.0\cytoscape-dagre-2.1.0.jar;C:\Users\Samuel Oliveira\.m2\repository\org\webjars\bower\cytoscape\3.2.5\cytoscape-3.2.5.jar;C:\Users\Samuel Oliveira\.m2\repository\org\webjars\bower\dagre\0.7.4\dagre-0.7.4.jar;C:\Users\Samuel Oliveira\.m2\repository\org\webjars\bower\graphlib\1.0.7\graphlib-1.0.7.jar;C:\Users\Samuel Oliveira\.m2\repository\org\webjars\bower\lodash\3.10.1-amd\lodash-3.10.1-amd.jar;C:\Users\Samuel Oliveira\.m2\repository\org\webjars\npm\dagre\0.8.4\dagre-0.8.4.jar;C:\Users\Samuel Oliveira\.m2\repository\org\webjars\npm\graphlib\2.1.8\graphlib-2.1.8.jar;C:\Users\Samuel Oliveira\.m2\repository\org\webjars\npm\lodash\4.17.21\lodash-4.17.21.jar;C:\Users\Samuel Oliveira\.m2\repository\org\webjars\npm\cytoscape-cola\2.3.0\cytoscape-cola-2.3.0.jar;C:\Users\Samuel Oliveira\.m2\repository\org\webjars\npm\webcola\3.4.0\webcola-3.4.0.jar;C:\Users\Samuel Oliveira\.m2\repository\org\webjars\npm\d3-dispatch\2.0.0-rc.1\d3-dispatch-2.0.0-rc.1.jar;C:\Users\Samuel Oliveira\.m2\repository\org\webjars\npm\d3-drag\2.0.0-rc.1\d3-drag-2.0.0-rc.1.jar;C:\Users\Samuel Oliveira\.m2\repository\org\webjars\npm\d3-selection\3.0.0\d3-selection-3.0.0.jar;C:\Users\Samuel Oliveira\.m2\repository\org\webjars\npm\d3-timer\2.0.0-rc.1\d3-timer-2.0.0-rc.1.jar;C:\Users\Samuel Oliveira\.m2\repository\org\webjars\npm\d3-shape\2.0.0-rc.1\d3-shape-2.0.0-rc.1.jar;C:\Users\Samuel Oliveira\.m2\repository\org\webjars\npm\d3-path\3.1.0\d3-path-3.1.0.jar;C:\Users\Samuel Oliveira\.m2\repository\org\webjars\npm\cytoscape-cose-bilkent\4.0.0\cytoscape-cose-bilkent-4.0.0.jar;C:\Users\Samuel Oliveira\.m2\repository\org\webjars\npm\cytoscape-euler\1.2.1\cytoscape-euler-1.2.1.jar;C:\Users\Samuel Oliveira\.m2\repository\org\webjars\npm\cytoscape-klay\3.1.2\cytoscape-klay-3.1.2.jar;C:\Users\Samuel Oliveira\.m2\repository\org\webjars\npm\klayjs\0.4.1\klayjs-0.4.1.jar;C:\Users\Samuel Oliveira\.m2\repository\org\webjars\npm\cytoscape-spread\3.0.0\cytoscape-spread-3.0.0.jar;C:\Users\Samuel Oliveira\.m2\repository\org\webjars\npm\weaverjs\1.2.0\weaverjs-1.2.0.jar;C:\Users\Samuel Oliveira\.m2\repository\org\webjars\retinajs\0.0.2\retinajs-0.0.2.jar;C:\Users\Samuel Oliveira\.m2\repository\org\webjars\flot\0.8.3\flot-0.8.3.jar;C:\Users\Samuel Oliveira\.m2\repository\org\webjars\explorercanvas\r3-1\explorercanvas-r3-1.jar;C:\Users\Samuel Oliveira\.m2\repository\org\webjars\chosen\0.9.8\chosen-0.9.8.jar;C:\Users\Samuel Oliveira\.m2\repository\org\webjars\uniform\2.1.2-1\uniform-2.1.2-1.jar;C:\Users\Samuel Oliveira\.m2\repository\org\webjars\noty\2.2.2\noty-2.2.2.jar;C:\Users\Samuel Oliveira\.m2\repository\org\webjars\jquery-raty\2.5.2\jquery-raty-2.5.2.jar;C:\Users\Samuel Oliveira\.m2\repository\org\webjars\imagesloaded\2.1.1\imagesloaded-2.1.1.jar;C:\Users\Samuel Oliveira\.m2\repository\org\webjars\masonry\3.1.5\masonry-3.1.5.jar;C:\Users\Samuel Oliveira\.m2\repository\org\webjars\jquery.sparkline\2.1.2\jquery.sparkline-2.1.2.jar;C:\Users\Samuel Oliveira\.m2\repository\org\webjars\jquery-knob\1.2.2\jquery-knob-1.2.2.jar;C:\Users\Samuel Oliveira\.m2\repository\org\webjars\datatables\1.9.4\datatables-1.9.4.jar;C:\Users\Samuel Oliveira\.m2\repository\org\webjars\jquery-ui-touch-punch\0.2.2\jquery-ui-touch-punch-0.2.2.jar;C:\Users\Samuel Oliveira\.m2\repository\org\webjars\d3js\3.3.5\d3js-3.3.5.jar;C:\Users\Samuel Oliveira\.m2\repository\org\webjars\bootstrap-notify\3.1.3-1\bootstrap-notify-3.1.3-1.jar;C:\Users\Samuel Oliveira\.m2\repository\org\webjars\npm\github-com-jboesch-Gritter\1.7.4\github-com-jboesch-Gritter-1.7.4.jar;C:\Users\Samuel Oliveira\.m2\repository\org\webjars\bowergithub\stenin-nikita\open-sans\0.1.3\open-sans-0.1.3.jar;C:\Users\Samuel Oliveira\.m2\repository\org\webjars\font-awesome\3.0.2\font-awesome-3.0.2.jar;C:\Users\Samuel Oliveira\.m2\repository\org\webjars\bootstrap\2.2.2-1\bootstrap-2.2.2-1.jar;C:\Users\Samuel Oliveira\.m2\repository\org\webjars\bootstrap-glyphicons\bdd2cbfba0\bootstrap-glyphicons-bdd2cbfba0.jar;C:\Users\Samuel Oliveira\.m2\repository\org\webjars\npm\flatbuffers\1.9.0\flatbuffers-1.9.0.jar;C:\Users\Samuel Oliveira\.m2\repository\org\deeplearning4j\deeplearning4j-nlp\1.0.0-M2.1\deeplearning4j-nlp-1.0.0-M2.1.jar;C:\Users\Samuel Oliveira\.m2\repository\commons-lang\commons-lang\2.6\commons-lang-2.6.jar;C:\Users\Samuel Oliveira\.m2\repository\org\threadly\threadly\4.10.0\threadly-4.10.0.jar;C:\Users\Samuel Oliveira\.m2\repository\com\github\vinhkhuc\jfasttext\0.4\jfasttext-0.4.jar;C:\Users\Samuel Oliveira\.m2\repository\org\deeplearning4j\deeplearning4j-ui-model\1.0.0-M2.1\deeplearning4j-ui-model-1.0.0-M2.1.jar;C:\Users\Samuel Oliveira\.m2\repository\org\mapdb\mapdb\3.0.5\mapdb-3.0.5.jar;C:\Users\Samuel Oliveira\.m2\repository\org\eclipse\collections\eclipse-collections-api\7.1.2\eclipse-collections-api-7.1.2.jar;C:\Users\Samuel Oliveira\.m2\repository\net\jcip\jcip-annotations\1.0\jcip-annotations-1.0.jar;C:\Users\Samuel Oliveira\.m2\repository\org\eclipse\collections\eclipse-collections\7.1.2\eclipse-collections-7.1.2.jar;C:\Users\Samuel Oliveira\.m2\repository\org\eclipse\collections\eclipse-collections-forkjoin\7.1.2\eclipse-collections-forkjoin-7.1.2.jar;C:\Users\Samuel Oliveira\.m2\repository\com\google\guava\guava\19.0\guava-19.0.jar;C:\Users\Samuel Oliveira\.m2\repository\net\jpountz\lz4\lz4\1.3.0\lz4-1.3.0.jar;C:\Users\Samuel Oliveira\.m2\repository\org\mapdb\elsa\3.0.0-M5\elsa-3.0.0-M5.jar;C:\Users\Samuel Oliveira\.m2\repository\org\xerial\sqlite-jdbc\3.15.1\sqlite-jdbc-3.15.1.jar;C:\Users\Samuel Oliveira\.m2\repository\io\aeron\aeron-all\1.39.0\aeron-all-1.39.0.jar;C:\Users\Samuel Oliveira\.m2\repository\org\deeplearning4j\deeplearning4j-zoo\1.0.0-M2.1\deeplearning4j-zoo-1.0.0-M2.1.jar;C:\Users\Samuel Oliveira\.m2\repository\org\deeplearning4j\deeplearning4j-parallel-wrapper\1.0.0-M2.1\deeplearning4j-parallel-wrapper-1.0.0-M2.1.jar;C:\Users\Samuel Oliveira\.m2\repository\com\beust\jcommander\1.27\jcommander-1.27.jar;C:\Users\Samuel Oliveira\.m2\repository\org\nd4j\nd4j-parameter-server\1.0.0-M2.1\nd4j-parameter-server-1.0.0-M2.1.jar;C:\Users\Samuel Oliveira\.m2\repository\org\nd4j\nd4j-parameter-server-model\1.0.0-M2.1\nd4j-parameter-server-model-1.0.0-M2.1.jar;C:\Users\Samuel Oliveira\.m2\repository\org\nd4j\nd4j-aeron\1.0.0-M2.1\nd4j-aeron-1.0.0-M2.1.jar;C:\Users\Samuel Oliveira\.m2\repository\com\mashape\unirest\unirest-java\1.4.9\unirest-java-1.4.9.jar;C:\Users\Samuel Oliveira\.m2\repository\org\apache\httpcomponents\httpasyncclient\4.1.1\httpasyncclient-4.1.1.jar;C:\Users\Samuel Oliveira\.m2\repository\org\apache\httpcomponents\httpcore-nio\4.4.4\httpcore-nio-4.4.4.jar;C:\Users\Samuel Oliveira\.m2\repository\org\apache\httpcomponents\httpmime\4.5.2\httpmime-4.5.2.jar;C:\Users\Samuel Oliveira\.m2\repository\org\nd4j\nd4j-parameter-server-client\1.0.0-M2.1\nd4j-parameter-server-client-1.0.0-M2.1.jar;C:\Users\Samuel Oliveira\.m2\repository\jfree\jfreechart\1.0.13\jfreechart-1.0.13.jar;C:\Users\Samuel Oliveira\.m2\repository\jfree\jcommon\1.0.16\jcommon-1.0.16.jar;C:\Users\Samuel Oliveira\.m2\repository\org\jfree\jcommon\1.0.23\jcommon-1.0.23.jar;C:\Users\Samuel Oliveira\.m2\repository\org\apache\httpcomponents\httpclient\4.3.5\httpclient-4.3.5.jar;C:\Users\Samuel Oliveira\.m2\repository\org\apache\httpcomponents\httpcore\4.3.2\httpcore-4.3.2.jar;C:\Users\Samuel Oliveira\.m2\repository\commons-logging\commons-logging\1.1.3\commons-logging-1.1.3.jar;C:\Users\Samuel Oliveira\.m2\repository\ch\qos\logback\logback-classic\1.1.7\logback-classic-1.1.7.jar;C:\Users\Samuel Oliveira\.m2\repository\ch\qos\logback\logback-core\1.1.7\logback-core-1.1.7.jar;C:\Users\Samuel Oliveira\.m2\repository\org\bytedeco\javacv-platform\1.5.5\javacv-platform-1.5.5.jar;C:\Users\Samuel Oliveira\.m2\repository\org\bytedeco\openblas-platform\0.3.13-1.5.5\openblas-platform-0.3.13-1.5.5.jar;C:\Users\Samuel Oliveira\.m2\repository\org\bytedeco\openblas\0.3.13-1.5.5\openblas-0.3.13-1.5.5-android-arm.jar;C:\Users\Samuel Oliveira\.m2\repository\org\bytedeco\openblas\0.3.13-1.5.5\openblas-0.3.13-1.5.5-android-arm64.jar;C:\Users\Samuel Oliveira\.m2\repository\org\bytedeco\openblas\0.3.13-1.5.5\openblas-0.3.13-1.5.5-android-x86.jar;C:\Users\Samuel Oliveira\.m2\repository\org\bytedeco\openblas\0.3.13-1.5.5\openblas-0.3.13-1.5.5-android-x86_64.jar;C:\Users\Samuel Oliveira\.m2\repository\org\bytedeco\openblas\0.3.13-1.5.5\openblas-0.3.13-1.5.5-ios-arm64.jar;C:\Users\Samuel Oliveira\.m2\repository\org\bytedeco\openblas\0.3.13-1.5.5\openblas-0.3.13-1.5.5-ios-x86_64.jar;C:\Users\Samuel Oliveira\.m2\repository\org\bytedeco\openblas\0.3.13-1.5.5\openblas-0.3.13-1.5.5-linux-x86.jar;C:\Users\Samuel Oliveira\.m2\repository\org\bytedeco\openblas\0.3.13-1.5.5\openblas-0.3.13-1.5.5-linux-x86_64.jar;C:\Users\Samuel Oliveira\.m2\repository\org\bytedeco\openblas\0.3.13-1.5.5\openblas-0.3.13-1.5.5-linux-armhf.jar;C:\Users\Samuel Oliveira\.m2\repository\org\bytedeco\openblas\0.3.13-1.5.5\openblas-0.3.13-1.5.5-linux-arm64.jar;C:\Users\Samuel Oliveira\.m2\repository\org\bytedeco\openblas\0.3.13-1.5.5\openblas-0.3.13-1.5.5-linux-ppc64le.jar;C:\Users\Samuel Oliveira\.m2\repository\org\bytedeco\openblas\0.3.13-1.5.5\openblas-0.3.13-1.5.5-macosx-x86_64.jar;C:\Users\Samuel Oliveira\.m2\repository\org\bytedeco\openblas\0.3.13-1.5.5\openblas-0.3.13-1.5.5-windows-x86.jar;C:\Users\Samuel Oliveira\.m2\repository\org\bytedeco\flycapture-platform\2.13.3.31-1.5.5\flycapture-platform-2.13.3.31-1.5.5.jar;C:\Users\Samuel Oliveira\.m2\repository\org\bytedeco\flycapture\2.13.3.31-1.5.5\flycapture-2.13.3.31-1.5.5-linux-x86.jar;C:\Users\Samuel Oliveira\.m2\repository\org\bytedeco\flycapture\2.13.3.31-1.5.5\flycapture-2.13.3.31-1.5.5-linux-x86_64.jar;C:\Users\Samuel Oliveira\.m2\repository\org\bytedeco\flycapture\2.13.3.31-1.5.5\flycapture-2.13.3.31-1.5.5-linux-armhf.jar;C:\Users\Samuel Oliveira\.m2\repository\org\bytedeco\flycapture\2.13.3.31-1.5.5\flycapture-2.13.3.31-1.5.5-linux-arm64.jar;C:\Users\Samuel Oliveira\.m2\repository\org\bytedeco\flycapture\2.13.3.31-1.5.5\flycapture-2.13.3.31-1.5.5-windows-x86.jar;C:\Users\Samuel Oliveira\.m2\repository\org\bytedeco\flycapture\2.13.3.31-1.5.5\flycapture-2.13.3.31-1.5.5-windows-x86_64.jar;C:\Users\Samuel Oliveira\.m2\repository\org\bytedeco\libdc1394-platform\2.2.6-1.5.5\libdc1394-platform-2.2.6-1.5.5.jar;C:\Users\Samuel Oliveira\.m2\repository\org\bytedeco\libdc1394\2.2.6-1.5.5\libdc1394-2.2.6-1.5.5-linux-x86.jar;C:\Users\Samuel Oliveira\.m2\repository\org\bytedeco\libdc1394\2.2.6-1.5.5\libdc1394-2.2.6-1.5.5-linux-x86_64.jar;C:\Users\Samuel Oliveira\.m2\repository\org\bytedeco\libdc1394\2.2.6-1.5.5\libdc1394-2.2.6-1.5.5-linux-armhf.jar;C:\Users\Samuel Oliveira\.m2\repository\org\bytedeco\libdc1394\2.2.6-1.5.5\libdc1394-2.2.6-1.5.5-linux-arm64.jar;C:\Users\Samuel Oliveira\.m2\repository\org\bytedeco\libdc1394\2.2.6-1.5.5\libdc1394-2.2.6-1.5.5-linux-ppc64le.jar;C:\Users\Samuel Oliveira\.m2\repository\org\bytedeco\libdc1394\2.2.6-1.5.5\libdc1394-2.2.6-1.5.5-macosx-x86_64.jar;C:\Users\Samuel Oliveira\.m2\repository\org\bytedeco\libdc1394\2.2.6-1.5.5\libdc1394-2.2.6-1.5.5-windows-x86.jar;C:\Users\Samuel Oliveira\.m2\repository\org\bytedeco\libdc1394\2.2.6-1.5.5\libdc1394-2.2.6-1.5.5-windows-x86_64.jar;C:\Users\Samuel Oliveira\.m2\repository\org\bytedeco\libfreenect-platform\0.5.7-1.5.5\libfreenect-platform-0.5.7-1.5.5.jar;C:\Users\Samuel Oliveira\.m2\repository\org\bytedeco\libfreenect\0.5.7-1.5.5\libfreenect-0.5.7-1.5.5-linux-x86.jar;C:\Users\Samuel Oliveira\.m2\repository\org\bytedeco\libfreenect\0.5.7-1.5.5\libfreenect-0.5.7-1.5.5-linux-x86_64.jar;C:\Users\Samuel Oliveira\.m2\repository\org\bytedeco\libfreenect\0.5.7-1.5.5\libfreenect-0.5.7-1.5.5-linux-armhf.jar;C:\Users\Samuel Oliveira\.m2\repository\org\bytedeco\libfreenect\0.5.7-1.5.5\libfreenect-0.5.7-1.5.5-linux-arm64.jar;C:\Users\Samuel Oliveira\.m2\repository\org\bytedeco\libfreenect\0.5.7-1.5.5\libfreenect-0.5.7-1.5.5-linux-ppc64le.jar;C:\Users\Samuel Oliveira\.m2\repository\org\bytedeco\libfreenect\0.5.7-1.5.5\libfreenect-0.5.7-1.5.5-macosx-x86_64.jar;C:\Users\Samuel Oliveira\.m2\repository\org\bytedeco\libfreenect\0.5.7-1.5.5\libfreenect-0.5.7-1.5.5-windows-x86.jar;C:\Users\Samuel Oliveira\.m2\repository\org\bytedeco\libfreenect\0.5.7-1.5.5\libfreenect-0.5.7-1.5.5-windows-x86_64.jar;C:\Users\Samuel Oliveira\.m2\repository\org\bytedeco\libfreenect2-platform\0.2.0-1.5.5\libfreenect2-platform-0.2.0-1.5.5.jar;C:\Users\Samuel Oliveira\.m2\repository\org\bytedeco\libfreenect2\0.2.0-1.5.5\libfreenect2-0.2.0-1.5.5-linux-x86.jar;C:\Users\Samuel Oliveira\.m2\repository\org\bytedeco\libfreenect2\0.2.0-1.5.5\libfreenect2-0.2.0-1.5.5-linux-x86_64.jar;C:\Users\Samuel Oliveira\.m2\repository\org\bytedeco\libfreenect2\0.2.0-1.5.5\libfreenect2-0.2.0-1.5.5-macosx-x86_64.jar;C:\Users\Samuel Oliveira\.m2\repository\org\bytedeco\libfreenect2\0.2.0-1.5.5\libfreenect2-0.2.0-1.5.5-windows-x86_64.jar;C:\Users\Samuel Oliveira\.m2\repository\org\bytedeco\librealsense-platform\1.12.4-1.5.5\librealsense-platform-1.12.4-1.5.5.jar;C:\Users\Samuel Oliveira\.m2\repository\org\bytedeco\librealsense\1.12.4-1.5.5\librealsense-1.12.4-1.5.5-linux-armhf.jar;C:\Users\Samuel Oliveira\.m2\repository\org\bytedeco\librealsense\1.12.4-1.5.5\librealsense-1.12.4-1.5.5-linux-arm64.jar;C:\Users\Samuel Oliveira\.m2\repository\org\bytedeco\librealsense\1.12.4-1.5.5\librealsense-1.12.4-1.5.5-linux-x86.jar;C:\Users\Samuel Oliveira\.m2\repository\org\bytedeco\librealsense\1.12.4-1.5.5\librealsense-1.12.4-1.5.5-linux-x86_64.jar;C:\Users\Samuel Oliveira\.m2\repository\org\bytedeco\librealsense\1.12.4-1.5.5\librealsense-1.12.4-1.5.5-macosx-x86_64.jar;C:\Users\Samuel Oliveira\.m2\repository\org\bytedeco\librealsense\1.12.4-1.5.5\librealsense-1.12.4-1.5.5-windows-x86.jar;C:\Users\Samuel Oliveira\.m2\repository\org\bytedeco\librealsense\1.12.4-1.5.5\librealsense-1.12.4-1.5.5-windows-x86_64.jar;C:\Users\Samuel Oliveira\.m2\repository\org\bytedeco\librealsense2-platform\2.40.0-1.5.5\librealsense2-platform-2.40.0-1.5.5.jar;C:\Users\Samuel Oliveira\.m2\repository\org\bytedeco\librealsense2\2.40.0-1.5.5\librealsense2-2.40.0-1.5.5-linux-armhf.jar;C:\Users\Samuel Oliveira\.m2\repository\org\bytedeco\librealsense2\2.40.0-1.5.5\librealsense2-2.40.0-1.5.5-linux-arm64.jar;C:\Users\Samuel Oliveira\.m2\repository\org\bytedeco\librealsense2\2.40.0-1.5.5\librealsense2-2.40.0-1.5.5-linux-x86.jar;C:\Users\Samuel Oliveira\.m2\repository\org\bytedeco\librealsense2\2.40.0-1.5.5\librealsense2-2.40.0-1.5.5-linux-x86_64.jar;C:\Users\Samuel Oliveira\.m2\repository\org\bytedeco\librealsense2\2.40.0-1.5.5\librealsense2-2.40.0-1.5.5-macosx-x86_64.jar;C:\Users\Samuel Oliveira\.m2\repository\org\bytedeco\librealsense2\2.40.0-1.5.5\librealsense2-2.40.0-1.5.5-windows-x86.jar;C:\Users\Samuel Oliveira\.m2\repository\org\bytedeco\librealsense2\2.40.0-1.5.5\librealsense2-2.40.0-1.5.5-windows-x86_64.jar;C:\Users\Samuel Oliveira\.m2\repository\org\bytedeco\videoinput-platform\0.200-1.5.5\videoinput-platform-0.200-1.5.5.jar;C:\Users\Samuel Oliveira\.m2\repository\org\bytedeco\videoinput\0.200-1.5.5\videoinput-0.200-1.5.5-windows-x86.jar;C:\Users\Samuel Oliveira\.m2\repository\org\bytedeco\videoinput\0.200-1.5.5\videoinput-0.200-1.5.5-windows-x86_64.jar;C:\Users\Samuel Oliveira\.m2\repository\org\bytedeco\artoolkitplus-platform\2.3.1-1.5.5\artoolkitplus-platform-2.3.1-1.5.5.jar;C:\Users\Samuel Oliveira\.m2\repository\org\bytedeco\artoolkitplus\2.3.1-1.5.5\artoolkitplus-2.3.1-1.5.5-android-arm.jar;C:\Users\Samuel Oliveira\.m2\repository\org\bytedeco\artoolkitplus\2.3.1-1.5.5\artoolkitplus-2.3.1-1.5.5-android-arm64.jar;C:\Users\Samuel Oliveira\.m2\repository\org\bytedeco\artoolkitplus\2.3.1-1.5.5\artoolkitplus-2.3.1-1.5.5-android-x86.jar;C:\Users\Samuel Oliveira\.m2\repository\org\bytedeco\artoolkitplus\2.3.1-1.5.5\artoolkitplus-2.3.1-1.5.5-android-x86_64.jar;C:\Users\Samuel Oliveira\.m2\repository\org\bytedeco\artoolkitplus\2.3.1-1.5.5\artoolkitplus-2.3.1-1.5.5-linux-x86.jar;C:\Users\Samuel Oliveira\.m2\repository\org\bytedeco\artoolkitplus\2.3.1-1.5.5\artoolkitplus-2.3.1-1.5.5-linux-x86_64.jar;C:\Users\Samuel Oliveira\.m2\repository\org\bytedeco\artoolkitplus\2.3.1-1.5.5\artoolkitplus-2.3.1-1.5.5-linux-armhf.jar;C:\Users\Samuel Oliveira\.m2\repository\org\bytedeco\artoolkitplus\2.3.1-1.5.5\artoolkitplus-2.3.1-1.5.5-linux-arm64.jar;C:\Users\Samuel Oliveira\.m2\repository\org\bytedeco\artoolkitplus\2.3.1-1.5.5\artoolkitplus-2.3.1-1.5.5-linux-ppc64le.jar;C:\Users\Samuel Oliveira\.m2\repository\org\bytedeco\artoolkitplus\2.3.1-1.5.5\artoolkitplus-2.3.1-1.5.5-macosx-x86_64.jar;C:\Users\Samuel Oliveira\.m2\repository\org\bytedeco\artoolkitplus\2.3.1-1.5.5\artoolkitplus-2.3.1-1.5.5-windows-x86.jar;C:\Users\Samuel Oliveira\.m2\repository\org\bytedeco\artoolkitplus\2.3.1-1.5.5\artoolkitplus-2.3.1-1.5.5-windows-x86_64.jar;C:\Users\Samuel Oliveira\.m2\repository\org\bytedeco\flandmark-platform\1.07-1.5.5\flandmark-platform-1.07-1.5.5.jar;C:\Users\Samuel Oliveira\.m2\repository\org\bytedeco\flandmark\1.07-1.5.5\flandmark-1.07-1.5.5-android-arm.jar;C:\Users\Samuel Oliveira\.m2\repository\org\bytedeco\flandmark\1.07-1.5.5\flandmark-1.07-1.5.5-android-arm64.jar;C:\Users\Samuel Oliveira\.m2\repository\org\bytedeco\flandmark\1.07-1.5.5\flandmark-1.07-1.5.5-android-x86.jar;C:\Users\Samuel Oliveira\.m2\repository\org\bytedeco\flandmark\1.07-1.5.5\flandmark-1.07-1.5.5-android-x86_64.jar;C:\Users\Samuel Oliveira\.m2\repository\org\bytedeco\flandmark\1.07-1.5.5\flandmark-1.07-1.5.5-linux-x86.jar;C:\Users\Samuel Oliveira\.m2\repository\org\bytedeco\flandmark\1.07-1.5.5\flandmark-1.07-1.5.5-linux-x86_64.jar;C:\Users\Samuel Oliveira\.m2\repository\org\bytedeco\flandmark\1.07-1.5.5\flandmark-1.07-1.5.5-linux-armhf.jar;C:\Users\Samuel Oliveira\.m2\repository\org\bytedeco\flandmark\1.07-1.5.5\flandmark-1.07-1.5.5-linux-arm64.jar;C:\Users\Samuel Oliveira\.m2\repository\org\bytedeco\flandmark\1.07-1.5.5\flandmark-1.07-1.5.5-linux-ppc64le.jar;C:\Users\Samuel Oliveira\.m2\repository\org\bytedeco\flandmark\1.07-1.5.5\flandmark-1.07-1.5.5-macosx-x86_64.jar;C:\Users\Samuel Oliveira\.m2\repository\org\bytedeco\flandmark\1.07-1.5.5\flandmark-1.07-1.5.5-windows-x86.jar;C:\Users\Samuel Oliveira\.m2\repository\org\bytedeco\flandmark\1.07-1.5.5\flandmark-1.07-1.5.5-windows-x86_64.jar;C:\Users\Samuel Oliveira\.m2\repository\org\bytedeco\tesseract-platform\4.1.1-1.5.5\tesseract-platform-4.1.1-1.5.5.jar;C:\Users\Samuel Oliveira\.m2\repository\org\bytedeco\tesseract\4.1.1-1.5.5\tesseract-4.1.1-1.5.5-android-arm.jar;C:\Users\Samuel Oliveira\.m2\repository\org\bytedeco\tesseract\4.1.1-1.5.5\tesseract-4.1.1-1.5.5-android-arm64.jar;C:\Users\Samuel Oliveira\.m2\repository\org\bytedeco\tesseract\4.1.1-1.5.5\tesseract-4.1.1-1.5.5-android-x86.jar;C:\Users\Samuel Oliveira\.m2\repository\org\bytedeco\tesseract\4.1.1-1.5.5\tesseract-4.1.1-1.5.5-android-x86_64.jar;C:\Users\Samuel Oliveira\.m2\repository\org\bytedeco\tesseract\4.1.1-1.5.5\tesseract-4.1.1-1.5.5-linux-x86.jar;C:\Users\Samuel Oliveira\.m2\repository\org\bytedeco\tesseract\4.1.1-1.5.5\tesseract-4.1.1-1.5.5-linux-x86_64.jar;C:\Users\Samuel Oliveira\.m2\repository\org\bytedeco\tesseract\4.1.1-1.5.5\tesseract-4.1.1-1.5.5-linux-armhf.jar;C:\Users\Samuel Oliveira\.m2\repository\org\bytedeco\tesseract\4.1.1-1.5.5\tesseract-4.1.1-1.5.5-linux-arm64.jar;C:\Users\Samuel Oliveira\.m2\repository\org\bytedeco\tesseract\4.1.1-1.5.5\tesseract-4.1.1-1.5.5-linux-ppc64le.jar;C:\Users\Samuel Oliveira\.m2\repository\org\bytedeco\tesseract\4.1.1-1.5.5\tesseract-4.1.1-1.5.5-macosx-x86_64.jar;C:\Users\Samuel Oliveira\.m2\repository\org\bytedeco\tesseract\4.1.1-1.5.5\tesseract-4.1.1-1.5.5-windows-x86.jar;C:\Users\Samuel Oliveira\.m2\repository\org\bytedeco\tesseract\4.1.1-1.5.5\tesseract-4.1.1-1.5.5-windows-x86_64.jar;C:\Users\Samuel Oliveira\.m2\repository\org\junit\jupiter\junit-jupiter-engine\5.8.0-M1\junit-jupiter-engine-5.8.0-M1.jar;C:\Users\Samuel Oliveira\.m2\repository\org\apiguardian\apiguardian-api\1.1.1\apiguardian-api-1.1.1.jar;C:\Users\Samuel Oliveira\.m2\repository\org\junit\platform\junit-platform-engine\1.8.0-M1\junit-platform-engine-1.8.0-M1.jar;C:\Users\Samuel Oliveira\.m2\repository\org\jetbrains\kotlin\kotlin-stdlib-jdk8\1.4.20\kotlin-stdlib-jdk8-1.4.20.jar;C:\Users\Samuel Oliveira\.m2\repository\org\jetbrains\kotlin\kotlin-stdlib\1.4.20\kotlin-stdlib-1.4.20.jar;C:\Users\Samuel Oliveira\.m2\repository\org\jetbrains\kotlin\kotlin-stdlib-common\1.4.20\kotlin-stdlib-common-1.4.20.jar;C:\Users\Samuel Oliveira\.m2\repository\org\jetbrains\annotations\13.0\annotations-13.0.jar;C:\Users\Samuel Oliveira\.m2\repository\org\jetbrains\kotlin\kotlin-stdlib-jdk7\1.4.20\kotlin-stdlib-jdk7-1.4.20.jar;C:\Users\Samuel Oliveira\.m2\repository\org\junit\jupiter\junit-jupiter-api\5.8.0-M1\junit-jupiter-api-5.8.0-M1.jar;C:\Users\Samuel Oliveira\.m2\repository\org\opentest4j\opentest4j\1.2.0\opentest4j-1.2.0.jar;C:\Users\Samuel Oliveira\.m2\repository\org\junit\platform\junit-platform-commons\1.8.0-M1\junit-platform-commons-1.8.0-M1.jar;"/>
    <property name="java.vm.vendor" value="Oracle Corporation"/>
    <property name="sun.arch.data.model" value="64"/>
    <property name="user.variant" value=""/>
    <property name="java.vendor.url" value="https://java.oracle.com/"/>
    <property name="user.timezone" value="America/Sao_Paulo"/>
    <property name="os.name" value="Windows 11"/>
    <property name="java.vm.specification.version" value="20"/>
    <property name="sun.java.launcher" value="SUN_STANDARD"/>
    <property name="user.country" value="BR"/>
    <property name="sun.boot.library.path" value="C:\Program Files\Java\jdk-20\bin"/>
    <property name="sun.java.command" value="C:\Users\Samuel Oliveira\AppData\Local\Temp\surefire1328921612613577145\surefirebooter2877133107576473263.jar C:\Users\Samuel Oliveira\AppData\Local\Temp\surefire1328921612613577145 2024-10-18T20-25-47_404-jvmRun1 surefire10434153120760808753tmp surefire_0856525155514895601tmp"/>
    <property name="jdk.debug" value="release"/>
    <property name="surefire.test.class.path" value="C:\Users\Samuel Oliveira\dl4j-examples\target\test-classes;C:\Users\Samuel Oliveira\dl4j-examples\target\classes;C:\Users\Samuel Oliveira\.m2\repository\org\nd4j\nd4j-native\1.0.0-M2.1\nd4j-native-1.0.0-M2.1.jar;C:\Users\Samuel Oliveira\.m2\repository\org\nd4j\nd4j-native\1.0.0-M2.1\nd4j-native-1.0.0-M2.1-windows-x86_64.jar;C:\Users\Samuel Oliveira\.m2\repository\org\bytedeco\javacpp\1.5.7\javacpp-1.5.7.jar;C:\Users\Samuel Oliveira\.m2\repository\org\nd4j\nd4j-api\1.0.0-M2.1\nd4j-api-1.0.0-M2.1.jar;C:\Users\Samuel Oliveira\.m2\repository\com\jakewharton\byteunits\byteunits\0.9.1\byteunits-0.9.1.jar;C:\Users\Samuel Oliveira\.m2\repository\org\apache\commons\commons-collections4\4.1\commons-collections4-4.1.jar;C:\Users\Samuel Oliveira\.m2\repository\com\google\flatbuffers\flatbuffers-java\1.12.0\flatbuffers-java-1.12.0.jar;C:\Users\Samuel Oliveira\.m2\repository\org\nd4j\protobuf\1.0.0-M2.1\protobuf-1.0.0-M2.1.jar;C:\Users\Samuel Oliveira\.m2\repository\commons-net\commons-net\3.1\commons-net-3.1.jar;C:\Users\Samuel Oliveira\.m2\repository\net\ericaro\neoitertools\1.0.0\neoitertools-1.0.0.jar;C:\Users\Samuel Oliveira\.m2\repository\org\nd4j\nd4j-native-api\1.0.0-M2.1\nd4j-native-api-1.0.0-M2.1.jar;C:\Users\Samuel Oliveira\.m2\repository\org\nd4j\nd4j-native-preset\1.0.0-M2.1\nd4j-native-preset-1.0.0-M2.1.jar;C:\Users\Samuel Oliveira\.m2\repository\org\nd4j\nd4j-presets-common\1.0.0-M2.1\nd4j-presets-common-1.0.0-M2.1.jar;C:\Users\Samuel Oliveira\.m2\repository\org\nd4j\nd4j-native-preset\1.0.0-M2.1\nd4j-native-preset-1.0.0-M2.1-windows-x86_64.jar;C:\Users\Samuel Oliveira\.m2\repository\org\bytedeco\openblas\0.3.19-1.5.7\openblas-0.3.19-1.5.7.jar;C:\Users\Samuel Oliveira\.m2\repository\org\bytedeco\openblas\0.3.19-1.5.7\openblas-0.3.19-1.5.7-windows-x86_64.jar;C:\Users\Samuel Oliveira\.m2\repository\org\bytedeco\javacpp\1.5.7\javacpp-1.5.7-windows-x86_64.jar;C:\Users\Samuel Oliveira\.m2\repository\org\datavec\datavec-api\1.0.0-M2.1\datavec-api-1.0.0-M2.1.jar;C:\Users\Samuel Oliveira\.m2\repository\org\apache\commons\commons-lang3\3.11\commons-lang3-3.11.jar;C:\Users\Samuel Oliveira\.m2\repository\commons-io\commons-io\2.7\commons-io-2.7.jar;C:\Users\Samuel Oliveira\.m2\repository\commons-codec\commons-codec\1.10\commons-codec-1.10.jar;C:\Users\Samuel Oliveira\.m2\repository\org\slf4j\slf4j-api\1.7.21\slf4j-api-1.7.21.jar;C:\Users\Samuel Oliveira\.m2\repository\joda-time\joda-time\2.2\joda-time-2.2.jar;C:\Users\Samuel Oliveira\.m2\repository\org\nd4j\jackson\1.0.0-M2.1\jackson-1.0.0-M2.1.jar;C:\Users\Samuel Oliveira\.m2\repository\org\freemarker\freemarker\2.3.23\freemarker-2.3.23.jar;C:\Users\Samuel Oliveira\.m2\repository\org\nd4j\nd4j-common\1.0.0-M2.1\nd4j-common-1.0.0-M2.1.jar;C:\Users\Samuel Oliveira\.m2\repository\org\nd4j\guava\1.0.0-M2.1\guava-1.0.0-M2.1.jar;C:\Users\Samuel Oliveira\.m2\repository\com\clearspring\analytics\stream\2.9.8\stream-2.9.8.jar;C:\Users\Samuel Oliveira\.m2\repository\net\sf\opencsv\opencsv\2.3\opencsv-2.3.jar;C:\Users\Samuel Oliveira\.m2\repository\com\tdunning\t-digest\3.2\t-digest-3.2.jar;C:\Users\Samuel Oliveira\.m2\repository\it\unimi\dsi\fastutil\6.5.7\fastutil-6.5.7.jar;C:\Users\Samuel Oliveira\.m2\repository\org\datavec\datavec-data-image\1.0.0-M2.1\datavec-data-image-1.0.0-M2.1.jar;C:\Users\Samuel Oliveira\.m2\repository\com\github\jai-imageio\jai-imageio-core\1.3.0\jai-imageio-core-1.3.0.jar;C:\Users\Samuel Oliveira\.m2\repository\com\twelvemonkeys\imageio\imageio-jpeg\3.1.1\imageio-jpeg-3.1.1.jar;C:\Users\Samuel Oliveira\.m2\repository\com\twelvemonkeys\imageio\imageio-core\3.1.1\imageio-core-3.1.1.jar;C:\Users\Samuel Oliveira\.m2\repository\com\twelvemonkeys\imageio\imageio-metadata\3.1.1\imageio-metadata-3.1.1.jar;C:\Users\Samuel Oliveira\.m2\repository\com\twelvemonkeys\common\common-lang\3.1.1\common-lang-3.1.1.jar;C:\Users\Samuel Oliveira\.m2\repository\com\twelvemonkeys\common\common-io\3.1.1\common-io-3.1.1.jar;C:\Users\Samuel Oliveira\.m2\repository\com\twelvemonkeys\common\common-image\3.1.1\common-image-3.1.1.jar;C:\Users\Samuel Oliveira\.m2\repository\com\twelvemonkeys\imageio\imageio-tiff\3.1.1\imageio-tiff-3.1.1.jar;C:\Users\Samuel Oliveira\.m2\repository\com\twelvemonkeys\imageio\imageio-psd\3.1.1\imageio-psd-3.1.1.jar;C:\Users\Samuel Oliveira\.m2\repository\com\twelvemonkeys\imageio\imageio-bmp\3.1.1\imageio-bmp-3.1.1.jar;C:\Users\Samuel Oliveira\.m2\repository\org\bytedeco\javacv\1.5.7\javacv-1.5.7.jar;C:\Users\Samuel Oliveira\.m2\repository\org\bytedeco\opencv\4.5.5-1.5.7\opencv-4.5.5-1.5.7.jar;C:\Users\Samuel Oliveira\.m2\repository\org\bytedeco\ffmpeg\5.0-1.5.7\ffmpeg-5.0-1.5.7.jar;C:\Users\Samuel Oliveira\.m2\repository\org\bytedeco\flycapture\2.13.3.31-1.5.7\flycapture-2.13.3.31-1.5.7.jar;C:\Users\Samuel Oliveira\.m2\repository\org\bytedeco\libdc1394\2.2.6-1.5.7\libdc1394-2.2.6-1.5.7.jar;C:\Users\Samuel Oliveira\.m2\repository\org\bytedeco\libfreenect\0.5.7-1.5.7\libfreenect-0.5.7-1.5.7.jar;C:\Users\Samuel Oliveira\.m2\repository\org\bytedeco\libfreenect2\0.2.0-1.5.7\libfreenect2-0.2.0-1.5.7.jar;C:\Users\Samuel Oliveira\.m2\repository\org\bytedeco\librealsense\1.12.4-1.5.7\librealsense-1.12.4-1.5.7.jar;C:\Users\Samuel Oliveira\.m2\repository\org\bytedeco\librealsense2\2.50.0-1.5.7\librealsense2-2.50.0-1.5.7.jar;C:\Users\Samuel Oliveira\.m2\repository\org\bytedeco\videoinput\0.200-1.5.7\videoinput-0.200-1.5.7.jar;C:\Users\Samuel Oliveira\.m2\repository\org\bytedeco\artoolkitplus\2.3.1-1.5.7\artoolkitplus-2.3.1-1.5.7.jar;C:\Users\Samuel Oliveira\.m2\repository\org\bytedeco\flandmark\1.07-1.5.7\flandmark-1.07-1.5.7.jar;C:\Users\Samuel Oliveira\.m2\repository\org\bytedeco\leptonica\1.82.0-1.5.7\leptonica-1.82.0-1.5.7.jar;C:\Users\Samuel Oliveira\.m2\repository\org\bytedeco\tesseract\5.0.1-1.5.7\tesseract-5.0.1-1.5.7.jar;C:\Users\Samuel Oliveira\.m2\repository\org\bytedeco\opencv-platform\4.5.5-1.5.7\opencv-platform-4.5.5-1.5.7.jar;C:\Users\Samuel Oliveira\.m2\repository\org\bytedeco\opencv\4.5.5-1.5.7\opencv-4.5.5-1.5.7-android-arm.jar;C:\Users\Samuel Oliveira\.m2\repository\org\bytedeco\opencv\4.5.5-1.5.7\opencv-4.5.5-1.5.7-android-arm64.jar;C:\Users\Samuel Oliveira\.m2\repository\org\bytedeco\opencv\4.5.5-1.5.7\opencv-4.5.5-1.5.7-android-x86.jar;C:\Users\Samuel Oliveira\.m2\repository\org\bytedeco\opencv\4.5.5-1.5.7\opencv-4.5.5-1.5.7-android-x86_64.jar;C:\Users\Samuel Oliveira\.m2\repository\org\bytedeco\opencv\4.5.5-1.5.7\opencv-4.5.5-1.5.7-ios-arm64.jar;C:\Users\Samuel Oliveira\.m2\repository\org\bytedeco\opencv\4.5.5-1.5.7\opencv-4.5.5-1.5.7-ios-x86_64.jar;C:\Users\Samuel Oliveira\.m2\repository\org\bytedeco\opencv\4.5.5-1.5.7\opencv-4.5.5-1.5.7-linux-x86.jar;C:\Users\Samuel Oliveira\.m2\repository\org\bytedeco\opencv\4.5.5-1.5.7\opencv-4.5.5-1.5.7-linux-x86_64.jar;C:\Users\Samuel Oliveira\.m2\repository\org\bytedeco\opencv\4.5.5-1.5.7\opencv-4.5.5-1.5.7-linux-armhf.jar;C:\Users\Samuel Oliveira\.m2\repository\org\bytedeco\opencv\4.5.5-1.5.7\opencv-4.5.5-1.5.7-linux-arm64.jar;C:\Users\Samuel Oliveira\.m2\repository\org\bytedeco\opencv\4.5.5-1.5.7\opencv-4.5.5-1.5.7-linux-ppc64le.jar;C:\Users\Samuel Oliveira\.m2\repository\org\bytedeco\opencv\4.5.5-1.5.7\opencv-4.5.5-1.5.7-macosx-arm64.jar;C:\Users\Samuel Oliveira\.m2\repository\org\bytedeco\opencv\4.5.5-1.5.7\opencv-4.5.5-1.5.7-macosx-x86_64.jar;C:\Users\Samuel Oliveira\.m2\repository\org\bytedeco\opencv\4.5.5-1.5.7\opencv-4.5.5-1.5.7-windows-x86.jar;C:\Users\Samuel Oliveira\.m2\repository\org\bytedeco\opencv\4.5.5-1.5.7\opencv-4.5.5-1.5.7-windows-x86_64.jar;C:\Users\Samuel Oliveira\.m2\repository\org\bytedeco\leptonica-platform\1.82.0-1.5.7\leptonica-platform-1.82.0-1.5.7.jar;C:\Users\Samuel Oliveira\.m2\repository\org\bytedeco\javacpp-platform\1.5.7\javacpp-platform-1.5.7.jar;C:\Users\Samuel Oliveira\.m2\repository\org\bytedeco\javacpp\1.5.7\javacpp-1.5.7-android-arm.jar;C:\Users\Samuel Oliveira\.m2\repository\org\bytedeco\javacpp\1.5.7\javacpp-1.5.7-android-arm64.jar;C:\Users\Samuel Oliveira\.m2\repository\org\bytedeco\javacpp\1.5.7\javacpp-1.5.7-android-x86.jar;C:\Users\Samuel Oliveira\.m2\repository\org\bytedeco\javacpp\1.5.7\javacpp-1.5.7-android-x86_64.jar;C:\Users\Samuel Oliveira\.m2\repository\org\bytedeco\javacpp\1.5.7\javacpp-1.5.7-ios-arm64.jar;C:\Users\Samuel Oliveira\.m2\repository\org\bytedeco\javacpp\1.5.7\javacpp-1.5.7-ios-x86_64.jar;C:\Users\Samuel Oliveira\.m2\repository\org\bytedeco\javacpp\1.5.7\javacpp-1.5.7-linux-armhf.jar;C:\Users\Samuel Oliveira\.m2\repository\org\bytedeco\javacpp\1.5.7\javacpp-1.5.7-linux-arm64.jar;C:\Users\Samuel Oliveira\.m2\repository\org\bytedeco\javacpp\1.5.7\javacpp-1.5.7-linux-ppc64le.jar;C:\Users\Samuel Oliveira\.m2\repository\org\bytedeco\javacpp\1.5.7\javacpp-1.5.7-linux-x86.jar;C:\Users\Samuel Oliveira\.m2\repository\org\bytedeco\javacpp\1.5.7\javacpp-1.5.7-linux-x86_64.jar;C:\Users\Samuel Oliveira\.m2\repository\org\bytedeco\javacpp\1.5.7\javacpp-1.5.7-macosx-arm64.jar;C:\Users\Samuel Oliveira\.m2\repository\org\bytedeco\javacpp\1.5.7\javacpp-1.5.7-macosx-x86_64.jar;C:\Users\Samuel Oliveira\.m2\repository\org\bytedeco\javacpp\1.5.7\javacpp-1.5.7-windows-x86.jar;C:\Users\Samuel Oliveira\.m2\repository\org\bytedeco\leptonica\1.82.0-1.5.7\leptonica-1.82.0-1.5.7-android-arm.jar;C:\Users\Samuel Oliveira\.m2\repository\org\bytedeco\leptonica\1.82.0-1.5.7\leptonica-1.82.0-1.5.7-android-arm64.jar;C:\Users\Samuel Oliveira\.m2\repository\org\bytedeco\leptonica\1.82.0-1.5.7\leptonica-1.82.0-1.5.7-android-x86.jar;C:\Users\Samuel Oliveira\.m2\repository\org\bytedeco\leptonica\1.82.0-1.5.7\leptonica-1.82.0-1.5.7-android-x86_64.jar;C:\Users\Samuel Oliveira\.m2\repository\org\bytedeco\leptonica\1.82.0-1.5.7\leptonica-1.82.0-1.5.7-linux-x86.jar;C:\Users\Samuel Oliveira\.m2\repository\org\bytedeco\leptonica\1.82.0-1.5.7\leptonica-1.82.0-1.5.7-linux-x86_64.jar;C:\Users\Samuel Oliveira\.m2\repository\org\bytedeco\leptonica\1.82.0-1.5.7\leptonica-1.82.0-1.5.7-linux-armhf.jar;C:\Users\Samuel Oliveira\.m2\repository\org\bytedeco\leptonica\1.82.0-1.5.7\leptonica-1.82.0-1.5.7-linux-arm64.jar;C:\Users\Samuel Oliveira\.m2\repository\org\bytedeco\leptonica\1.82.0-1.5.7\leptonica-1.82.0-1.5.7-linux-ppc64le.jar;C:\Users\Samuel Oliveira\.m2\repository\org\bytedeco\leptonica\1.82.0-1.5.7\leptonica-1.82.0-1.5.7-macosx-x86_64.jar;C:\Users\Samuel Oliveira\.m2\repository\org\bytedeco\leptonica\1.82.0-1.5.7\leptonica-1.82.0-1.5.7-windows-x86.jar;C:\Users\Samuel Oliveira\.m2\repository\org\bytedeco\leptonica\1.82.0-1.5.7\leptonica-1.82.0-1.5.7-windows-x86_64.jar;C:\Users\Samuel Oliveira\.m2\repository\org\bytedeco\hdf5-platform\1.12.1-1.5.7\hdf5-platform-1.12.1-1.5.7.jar;C:\Users\Samuel Oliveira\.m2\repository\org\bytedeco\hdf5\1.12.1-1.5.7\hdf5-1.12.1-1.5.7.jar;C:\Users\Samuel Oliveira\.m2\repository\org\bytedeco\hdf5\1.12.1-1.5.7\hdf5-1.12.1-1.5.7-linux-x86.jar;C:\Users\Samuel Oliveira\.m2\repository\org\bytedeco\hdf5\1.12.1-1.5.7\hdf5-1.12.1-1.5.7-linux-x86_64.jar;C:\Users\Samuel Oliveira\.m2\repository\org\bytedeco\hdf5\1.12.1-1.5.7\hdf5-1.12.1-1.5.7-linux-armhf.jar;C:\Users\Samuel Oliveira\.m2\repository\org\bytedeco\hdf5\1.12.1-1.5.7\hdf5-1.12.1-1.5.7-linux-arm64.jar;C:\Users\Samuel Oliveira\.m2\repository\org\bytedeco\hdf5\1.12.1-1.5.7\hdf5-1.12.1-1.5.7-linux-ppc64le.jar;C:\Users\Samuel Oliveira\.m2\repository\org\bytedeco\hdf5\1.12.1-1.5.7\hdf5-1.12.1-1.5.7-macosx-x86_64.jar;C:\Users\Samuel Oliveira\.m2\repository\org\bytedeco\hdf5\1.12.1-1.5.7\hdf5-1.12.1-1.5.7-windows-x86.jar;C:\Users\Samuel Oliveira\.m2\repository\org\bytedeco\hdf5\1.12.1-1.5.7\hdf5-1.12.1-1.5.7-windows-x86_64.jar;C:\Users\Samuel Oliveira\.m2\repository\org\bytedeco\ffmpeg-platform\5.0-1.5.7\ffmpeg-platform-5.0-1.5.7.jar;C:\Users\Samuel Oliveira\.m2\repository\org\bytedeco\ffmpeg\5.0-1.5.7\ffmpeg-5.0-1.5.7-android-arm.jar;C:\Users\Samuel Oliveira\.m2\repository\org\bytedeco\ffmpeg\5.0-1.5.7\ffmpeg-5.0-1.5.7-android-arm64.jar;C:\Users\Samuel Oliveira\.m2\repository\org\bytedeco\ffmpeg\5.0-1.5.7\ffmpeg-5.0-1.5.7-android-x86.jar;C:\Users\Samuel Oliveira\.m2\repository\org\bytedeco\ffmpeg\5.0-1.5.7\ffmpeg-5.0-1.5.7-android-x86_64.jar;C:\Users\Samuel Oliveira\.m2\repository\org\bytedeco\ffmpeg\5.0-1.5.7\ffmpeg-5.0-1.5.7-linux-x86.jar;C:\Users\Samuel Oliveira\.m2\repository\org\bytedeco\ffmpeg\5.0-1.5.7\ffmpeg-5.0-1.5.7-linux-x86_64.jar;C:\Users\Samuel Oliveira\.m2\repository\org\bytedeco\ffmpeg\5.0-1.5.7\ffmpeg-5.0-1.5.7-linux-armhf.jar;C:\Users\Samuel Oliveira\.m2\repository\org\bytedeco\ffmpeg\5.0-1.5.7\ffmpeg-5.0-1.5.7-linux-arm64.jar;C:\Users\Samuel Oliveira\.m2\repository\org\bytedeco\ffmpeg\5.0-1.5.7\ffmpeg-5.0-1.5.7-linux-ppc64le.jar;C:\Users\Samuel Oliveira\.m2\repository\org\bytedeco\ffmpeg\5.0-1.5.7\ffmpeg-5.0-1.5.7-macosx-arm64.jar;C:\Users\Samuel Oliveira\.m2\repository\org\bytedeco\ffmpeg\5.0-1.5.7\ffmpeg-5.0-1.5.7-macosx-x86_64.jar;C:\Users\Samuel Oliveira\.m2\repository\org\bytedeco\ffmpeg\5.0-1.5.7\ffmpeg-5.0-1.5.7-windows-x86.jar;C:\Users\Samuel Oliveira\.m2\repository\org\bytedeco\ffmpeg\5.0-1.5.7\ffmpeg-5.0-1.5.7-windows-x86_64.jar;C:\Users\Samuel Oliveira\.m2\repository\org\datavec\datavec-local\1.0.0-M2.1\datavec-local-1.0.0-M2.1.jar;C:\Users\Samuel Oliveira\.m2\repository\com\codepoetics\protonpack\1.15\protonpack-1.15.jar;C:\Users\Samuel Oliveira\.m2\repository\org\datavec\datavec-arrow\1.0.0-M2.1\datavec-arrow-1.0.0-M2.1.jar;C:\Users\Samuel Oliveira\.m2\repository\org\apache\arrow\arrow-vector\6.0.1\arrow-vector-6.0.1.jar;C:\Users\Samuel Oliveira\.m2\repository\org\apache\arrow\arrow-format\6.0.1\arrow-format-6.0.1.jar;C:\Users\Samuel Oliveira\.m2\repository\org\apache\arrow\arrow-memory-core\6.0.1\arrow-memory-core-6.0.1.jar;C:\Users\Samuel Oliveira\.m2\repository\com\fasterxml\jackson\core\jackson-core\2.11.4\jackson-core-2.11.4.jar;C:\Users\Samuel Oliveira\.m2\repository\com\fasterxml\jackson\core\jackson-annotations\2.11.4\jackson-annotations-2.11.4.jar;C:\Users\Samuel Oliveira\.m2\repository\com\fasterxml\jackson\core\jackson-databind\2.11.4\jackson-databind-2.11.4.jar;C:\Users\Samuel Oliveira\.m2\repository\io\netty\netty-common\4.1.68.Final\netty-common-4.1.68.Final.jar;C:\Users\Samuel Oliveira\.m2\repository\org\nd4j\python4j-numpy\1.0.0-M2.1\python4j-numpy-1.0.0-M2.1.jar;C:\Users\Samuel Oliveira\.m2\repository\org\bytedeco\numpy-platform\1.22.2-1.5.7\numpy-platform-1.22.2-1.5.7.jar;C:\Users\Samuel Oliveira\.m2\repository\org\bytedeco\cpython-platform\3.10.2-1.5.7\cpython-platform-3.10.2-1.5.7.jar;C:\Users\Samuel Oliveira\.m2\repository\org\bytedeco\cpython\3.10.2-1.5.7\cpython-3.10.2-1.5.7.jar;C:\Users\Samuel Oliveira\.m2\repository\org\bytedeco\cpython\3.10.2-1.5.7\cpython-3.10.2-1.5.7-linux-x86.jar;C:\Users\Samuel Oliveira\.m2\repository\org\bytedeco\cpython\3.10.2-1.5.7\cpython-3.10.2-1.5.7-linux-x86_64.jar;C:\Users\Samuel Oliveira\.m2\repository\org\bytedeco\cpython\3.10.2-1.5.7\cpython-3.10.2-1.5.7-linux-armhf.jar;C:\Users\Samuel Oliveira\.m2\repository\org\bytedeco\cpython\3.10.2-1.5.7\cpython-3.10.2-1.5.7-linux-arm64.jar;C:\Users\Samuel Oliveira\.m2\repository\org\bytedeco\cpython\3.10.2-1.5.7\cpython-3.10.2-1.5.7-linux-ppc64le.jar;C:\Users\Samuel Oliveira\.m2\repository\org\bytedeco\cpython\3.10.2-1.5.7\cpython-3.10.2-1.5.7-macosx-x86_64.jar;C:\Users\Samuel Oliveira\.m2\repository\org\bytedeco\cpython\3.10.2-1.5.7\cpython-3.10.2-1.5.7-windows-x86.jar;C:\Users\Samuel Oliveira\.m2\repository\org\bytedeco\cpython\3.10.2-1.5.7\cpython-3.10.2-1.5.7-windows-x86_64.jar;C:\Users\Samuel Oliveira\.m2\repository\org\bytedeco\numpy\1.22.2-1.5.7\numpy-1.22.2-1.5.7.jar;C:\Users\Samuel Oliveira\.m2\repository\org\bytedeco\numpy\1.22.2-1.5.7\numpy-1.22.2-1.5.7-linux-x86.jar;C:\Users\Samuel Oliveira\.m2\repository\org\bytedeco\numpy\1.22.2-1.5.7\numpy-1.22.2-1.5.7-linux-x86_64.jar;C:\Users\Samuel Oliveira\.m2\repository\org\bytedeco\numpy\1.22.2-1.5.7\numpy-1.22.2-1.5.7-linux-armhf.jar;C:\Users\Samuel Oliveira\.m2\repository\org\bytedeco\numpy\1.22.2-1.5.7\numpy-1.22.2-1.5.7-linux-arm64.jar;C:\Users\Samuel Oliveira\.m2\repository\org\bytedeco\numpy\1.22.2-1.5.7\numpy-1.22.2-1.5.7-linux-ppc64le.jar;C:\Users\Samuel Oliveira\.m2\repository\org\bytedeco\numpy\1.22.2-1.5.7\numpy-1.22.2-1.5.7-macosx-x86_64.jar;C:\Users\Samuel Oliveira\.m2\repository\org\bytedeco\numpy\1.22.2-1.5.7\numpy-1.22.2-1.5.7-windows-x86.jar;C:\Users\Samuel Oliveira\.m2\repository\org\bytedeco\numpy\1.22.2-1.5.7\numpy-1.22.2-1.5.7-windows-x86_64.jar;C:\Users\Samuel Oliveira\.m2\repository\org\nd4j\python4j-core\1.0.0-M2.1\python4j-core-1.0.0-M2.1.jar;C:\Users\Samuel Oliveira\.m2\repository\org\json\json\20190722\json-20190722.jar;C:\Users\Samuel Oliveira\.m2\repository\org\nd4j\netty-common\1.0.0-M2.1\netty-common-1.0.0-M2.1.jar;C:\Users\Samuel Oliveira\.m2\repository\org\deeplearning4j\deeplearning4j-datasets\1.0.0-M2.1\deeplearning4j-datasets-1.0.0-M2.1.jar;C:\Users\Samuel Oliveira\.m2\repository\org\deeplearning4j\deeplearning4j-datavec-iterators\1.0.0-M2.1\deeplearning4j-datavec-iterators-1.0.0-M2.1.jar;C:\Users\Samuel Oliveira\.m2\repository\org\deeplearning4j\deeplearning4j-core\1.0.0-M2.1\deeplearning4j-core-1.0.0-M2.1.jar;C:\Users\Samuel Oliveira\.m2\repository\com\sun\activation\javax.activation\1.2.0\javax.activation-1.2.0.jar;C:\Users\Samuel Oliveira\.m2\repository\org\deeplearning4j\deeplearning4j-modelimport\1.0.0-M2.1\deeplearning4j-modelimport-1.0.0-M2.1.jar;C:\Users\Samuel Oliveira\.m2\repository\com\google\code\gson\gson\2.8.0\gson-2.8.0.jar;C:\Users\Samuel Oliveira\.m2\repository\org\deeplearning4j\deeplearning4j-nn\1.0.0-M2.1\deeplearning4j-nn-1.0.0-M2.1.jar;C:\Users\Samuel Oliveira\.m2\repository\org\deeplearning4j\deeplearning4j-utility-iterators\1.0.0-M2.1\deeplearning4j-utility-iterators-1.0.0-M2.1.jar;C:\Users\Samuel Oliveira\.m2\repository\org\apache\commons\commons-math3\3.5\commons-math3-3.5.jar;C:\Users\Samuel Oliveira\.m2\repository\org\apache\commons\commons-compress\1.21\commons-compress-1.21.jar;C:\Users\Samuel Oliveira\.m2\repository\org\deeplearning4j\deeplearning4j-ui-components\1.0.0-M2.1\deeplearning4j-ui-components-1.0.0-M2.1.jar;C:\Users\Samuel Oliveira\.m2\repository\com\github\oshi\oshi-json\3.4.2\oshi-json-3.4.2.jar;C:\Users\Samuel Oliveira\.m2\repository\org\glassfish\javax.json\1.0.4\javax.json-1.0.4.jar;C:\Users\Samuel Oliveira\.m2\repository\com\github\oshi\oshi-core\3.4.2\oshi-core-3.4.2.jar;C:\Users\Samuel Oliveira\.m2\repository\net\java\dev\jna\jna-platform\4.3.0\jna-platform-4.3.0.jar;C:\Users\Samuel Oliveira\.m2\repository\net\java\dev\jna\jna\4.3.0\jna-4.3.0.jar;C:\Users\Samuel Oliveira\.m2\repository\org\threeten\threetenbp\1.3.3\threetenbp-1.3.3.jar;C:\Users\Samuel Oliveira\.m2\repository\org\deeplearning4j\resources\1.0.0-M2.1\resources-1.0.0-M2.1.jar;C:\Users\Samuel Oliveira\.m2\repository\org\deeplearning4j\deeplearning4j-ui\1.0.0-M2.1\deeplearning4j-ui-1.0.0-M2.1.jar;C:\Users\Samuel Oliveira\.m2\repository\org\deeplearning4j\deeplearning4j-vertx\1.0.0-M2.1\deeplearning4j-vertx-1.0.0-M2.1.jar;C:\Users\Samuel Oliveira\.m2\repository\io\vertx\vertx-core\3.9.0\vertx-core-3.9.0.jar;C:\Users\Samuel Oliveira\.m2\repository\io\netty\netty-buffer\4.1.48.Final\netty-buffer-4.1.48.Final.jar;C:\Users\Samuel Oliveira\.m2\repository\io\netty\netty-transport\4.1.48.Final\netty-transport-4.1.48.Final.jar;C:\Users\Samuel Oliveira\.m2\repository\io\netty\netty-handler\4.1.48.Final\netty-handler-4.1.48.Final.jar;C:\Users\Samuel Oliveira\.m2\repository\io\netty\netty-codec\4.1.48.Final\netty-codec-4.1.48.Final.jar;C:\Users\Samuel Oliveira\.m2\repository\io\netty\netty-handler-proxy\4.1.48.Final\netty-handler-proxy-4.1.48.Final.jar;C:\Users\Samuel Oliveira\.m2\repository\io\netty\netty-codec-socks\4.1.48.Final\netty-codec-socks-4.1.48.Final.jar;C:\Users\Samuel Oliveira\.m2\repository\io\netty\netty-codec-http\4.1.48.Final\netty-codec-http-4.1.48.Final.jar;C:\Users\Samuel Oliveira\.m2\repository\io\netty\netty-codec-http2\4.1.48.Final\netty-codec-http2-4.1.48.Final.jar;C:\Users\Samuel Oliveira\.m2\repository\io\netty\netty-resolver\4.1.48.Final\netty-resolver-4.1.48.Final.jar;C:\Users\Samuel Oliveira\.m2\repository\io\netty\netty-resolver-dns\4.1.48.Final\netty-resolver-dns-4.1.48.Final.jar;C:\Users\Samuel Oliveira\.m2\repository\io\netty\netty-codec-dns\4.1.48.Final\netty-codec-dns-4.1.48.Final.jar;C:\Users\Samuel Oliveira\.m2\repository\io\vertx\vertx-web\3.9.0\vertx-web-3.9.0.jar;C:\Users\Samuel Oliveira\.m2\repository\io\vertx\vertx-web-common\3.9.0\vertx-web-common-3.9.0.jar;C:\Users\Samuel Oliveira\.m2\repository\io\vertx\vertx-auth-common\3.9.0\vertx-auth-common-3.9.0.jar;C:\Users\Samuel Oliveira\.m2\repository\io\vertx\vertx-bridge-common\3.9.0\vertx-bridge-common-3.9.0.jar;C:\Users\Samuel Oliveira\.m2\repository\jakarta\xml\bind\jakarta.xml.bind-api\2.3.2\jakarta.xml.bind-api-2.3.2.jar;C:\Users\Samuel Oliveira\.m2\repository\jakarta\activation\jakarta.activation-api\1.2.1\jakarta.activation-api-1.2.1.jar;C:\Users\Samuel Oliveira\.m2\repository\org\webjars\npm\babel__polyfill\7.4.4\babel__polyfill-7.4.4.jar;C:\Users\Samuel Oliveira\.m2\repository\org\webjars\npm\core-js\3.0.0-beta.9\core-js-3.0.0-beta.9.jar;C:\Users\Samuel Oliveira\.m2\repository\org\webjars\npm\regenerator-runtime\0.13.11\regenerator-runtime-0.13.11.jar;C:\Users\Samuel Oliveira\.m2\repository\org\webjars\npm\coreui__coreui\2.1.9\coreui__coreui-2.1.9.jar;C:\Users\Samuel Oliveira\.m2\repository\org\webjars\npm\coreui__icons\0.3.0\coreui__icons-0.3.0.jar;C:\Users\Samuel Oliveira\.m2\repository\org\webjars\npm\jquery\3.4.1\jquery-3.4.1.jar;C:\Users\Samuel Oliveira\.m2\repository\org\webjars\bower\popper.js\1.12.9\popper.js-1.12.9.jar;C:\Users\Samuel Oliveira\.m2\repository\org\webjars\npm\bootstrap\4.3.1\bootstrap-4.3.1.jar;C:\Users\Samuel Oliveira\.m2\repository\org\webjars\jquery\2.2.0\jquery-2.2.0.jar;C:\Users\Samuel Oliveira\.m2\repository\org\webjars\jquery-migrate\1.2.1\jquery-migrate-1.2.1.jar;C:\Users\Samuel Oliveira\.m2\repository\org\webjars\jquery-ui\1.10.2\jquery-ui-1.10.2.jar;C:\Users\Samuel Oliveira\.m2\repository\org\webjars\modernizr\2.8.3-1\modernizr-2.8.3-1.jar;C:\Users\Samuel Oliveira\.m2\repository\org\webjars\jquery-cookie\1.4.1-1\jquery-cookie-1.4.1-1.jar;C:\Users\Samuel Oliveira\.m2\repository\org\webjars\fullcalendar\1.6.4\fullcalendar-1.6.4.jar;C:\Users\Samuel Oliveira\.m2\repository\org\webjars\excanvas\3\excanvas-3.jar;C:\Users\Samuel Oliveira\.m2\repository\org\webjars\npm\cytoscape\3.3.3\cytoscape-3.3.3.jar;C:\Users\Samuel Oliveira\.m2\repository\org\webjars\npm\heap\0.2.7\heap-0.2.7.jar;C:\Users\Samuel Oliveira\.m2\repository\org\webjars\npm\lodash.debounce\4.0.8\lodash.debounce-4.0.8.jar;C:\Users\Samuel Oliveira\.m2\repository\org\webjars\bower\cytoscape-dagre\2.1.0\cytoscape-dagre-2.1.0.jar;C:\Users\Samuel Oliveira\.m2\repository\org\webjars\bower\cytoscape\3.2.5\cytoscape-3.2.5.jar;C:\Users\Samuel Oliveira\.m2\repository\org\webjars\bower\dagre\0.7.4\dagre-0.7.4.jar;C:\Users\Samuel Oliveira\.m2\repository\org\webjars\bower\graphlib\1.0.7\graphlib-1.0.7.jar;C:\Users\Samuel Oliveira\.m2\repository\org\webjars\bower\lodash\3.10.1-amd\lodash-3.10.1-amd.jar;C:\Users\Samuel Oliveira\.m2\repository\org\webjars\npm\dagre\0.8.4\dagre-0.8.4.jar;C:\Users\Samuel Oliveira\.m2\repository\org\webjars\npm\graphlib\2.1.8\graphlib-2.1.8.jar;C:\Users\Samuel Oliveira\.m2\repository\org\webjars\npm\lodash\4.17.21\lodash-4.17.21.jar;C:\Users\Samuel Oliveira\.m2\repository\org\webjars\npm\cytoscape-cola\2.3.0\cytoscape-cola-2.3.0.jar;C:\Users\Samuel Oliveira\.m2\repository\org\webjars\npm\webcola\3.4.0\webcola-3.4.0.jar;C:\Users\Samuel Oliveira\.m2\repository\org\webjars\npm\d3-dispatch\2.0.0-rc.1\d3-dispatch-2.0.0-rc.1.jar;C:\Users\Samuel Oliveira\.m2\repository\org\webjars\npm\d3-drag\2.0.0-rc.1\d3-drag-2.0.0-rc.1.jar;C:\Users\Samuel Oliveira\.m2\repository\org\webjars\npm\d3-selection\3.0.0\d3-selection-3.0.0.jar;C:\Users\Samuel Oliveira\.m2\repository\org\webjars\npm\d3-timer\2.0.0-rc.1\d3-timer-2.0.0-rc.1.jar;C:\Users\Samuel Oliveira\.m2\repository\org\webjars\npm\d3-shape\2.0.0-rc.1\d3-shape-2.0.0-rc.1.jar;C:\Users\Samuel Oliveira\.m2\repository\org\webjars\npm\d3-path\3.1.0\d3-path-3.1.0.jar;C:\Users\Samuel Oliveira\.m2\repository\org\webjars\npm\cytoscape-cose-bilkent\4.0.0\cytoscape-cose-bilkent-4.0.0.jar;C:\Users\Samuel Oliveira\.m2\repository\org\webjars\npm\cytoscape-euler\1.2.1\cytoscape-euler-1.2.1.jar;C:\Users\Samuel Oliveira\.m2\repository\org\webjars\npm\cytoscape-klay\3.1.2\cytoscape-klay-3.1.2.jar;C:\Users\Samuel Oliveira\.m2\repository\org\webjars\npm\klayjs\0.4.1\klayjs-0.4.1.jar;C:\Users\Samuel Oliveira\.m2\repository\org\webjars\npm\cytoscape-spread\3.0.0\cytoscape-spread-3.0.0.jar;C:\Users\Samuel Oliveira\.m2\repository\org\webjars\npm\weaverjs\1.2.0\weaverjs-1.2.0.jar;C:\Users\Samuel Oliveira\.m2\repository\org\webjars\retinajs\0.0.2\retinajs-0.0.2.jar;C:\Users\Samuel Oliveira\.m2\repository\org\webjars\flot\0.8.3\flot-0.8.3.jar;C:\Users\Samuel Oliveira\.m2\repository\org\webjars\explorercanvas\r3-1\explorercanvas-r3-1.jar;C:\Users\Samuel Oliveira\.m2\repository\org\webjars\chosen\0.9.8\chosen-0.9.8.jar;C:\Users\Samuel Oliveira\.m2\repository\org\webjars\uniform\2.1.2-1\uniform-2.1.2-1.jar;C:\Users\Samuel Oliveira\.m2\repository\org\webjars\noty\2.2.2\noty-2.2.2.jar;C:\Users\Samuel Oliveira\.m2\repository\org\webjars\jquery-raty\2.5.2\jquery-raty-2.5.2.jar;C:\Users\Samuel Oliveira\.m2\repository\org\webjars\imagesloaded\2.1.1\imagesloaded-2.1.1.jar;C:\Users\Samuel Oliveira\.m2\repository\org\webjars\masonry\3.1.5\masonry-3.1.5.jar;C:\Users\Samuel Oliveira\.m2\repository\org\webjars\jquery.sparkline\2.1.2\jquery.sparkline-2.1.2.jar;C:\Users\Samuel Oliveira\.m2\repository\org\webjars\jquery-knob\1.2.2\jquery-knob-1.2.2.jar;C:\Users\Samuel Oliveira\.m2\repository\org\webjars\datatables\1.9.4\datatables-1.9.4.jar;C:\Users\Samuel Oliveira\.m2\repository\org\webjars\jquery-ui-touch-punch\0.2.2\jquery-ui-touch-punch-0.2.2.jar;C:\Users\Samuel Oliveira\.m2\repository\org\webjars\d3js\3.3.5\d3js-3.3.5.jar;C:\Users\Samuel Oliveira\.m2\repository\org\webjars\bootstrap-notify\3.1.3-1\bootstrap-notify-3.1.3-1.jar;C:\Users\Samuel Oliveira\.m2\repository\org\webjars\npm\github-com-jboesch-Gritter\1.7.4\github-com-jboesch-Gritter-1.7.4.jar;C:\Users\Samuel Oliveira\.m2\repository\org\webjars\bowergithub\stenin-nikita\open-sans\0.1.3\open-sans-0.1.3.jar;C:\Users\Samuel Oliveira\.m2\repository\org\webjars\font-awesome\3.0.2\font-awesome-3.0.2.jar;C:\Users\Samuel Oliveira\.m2\repository\org\webjars\bootstrap\2.2.2-1\bootstrap-2.2.2-1.jar;C:\Users\Samuel Oliveira\.m2\repository\org\webjars\bootstrap-glyphicons\bdd2cbfba0\bootstrap-glyphicons-bdd2cbfba0.jar;C:\Users\Samuel Oliveira\.m2\repository\org\webjars\npm\flatbuffers\1.9.0\flatbuffers-1.9.0.jar;C:\Users\Samuel Oliveira\.m2\repository\org\deeplearning4j\deeplearning4j-nlp\1.0.0-M2.1\deeplearning4j-nlp-1.0.0-M2.1.jar;C:\Users\Samuel Oliveira\.m2\repository\commons-lang\commons-lang\2.6\commons-lang-2.6.jar;C:\Users\Samuel Oliveira\.m2\repository\org\threadly\threadly\4.10.0\threadly-4.10.0.jar;C:\Users\Samuel Oliveira\.m2\repository\com\github\vinhkhuc\jfasttext\0.4\jfasttext-0.4.jar;C:\Users\Samuel Oliveira\.m2\repository\org\deeplearning4j\deeplearning4j-ui-model\1.0.0-M2.1\deeplearning4j-ui-model-1.0.0-M2.1.jar;C:\Users\Samuel Oliveira\.m2\repository\org\mapdb\mapdb\3.0.5\mapdb-3.0.5.jar;C:\Users\Samuel Oliveira\.m2\repository\org\eclipse\collections\eclipse-collections-api\7.1.2\eclipse-collections-api-7.1.2.jar;C:\Users\Samuel Oliveira\.m2\repository\net\jcip\jcip-annotations\1.0\jcip-annotations-1.0.jar;C:\Users\Samuel Oliveira\.m2\repository\org\eclipse\collections\eclipse-collections\7.1.2\eclipse-collections-7.1.2.jar;C:\Users\Samuel Oliveira\.m2\repository\org\eclipse\collections\eclipse-collections-forkjoin\7.1.2\eclipse-collections-forkjoin-7.1.2.jar;C:\Users\Samuel Oliveira\.m2\repository\com\google\guava\guava\19.0\guava-19.0.jar;C:\Users\Samuel Oliveira\.m2\repository\net\jpountz\lz4\lz4\1.3.0\lz4-1.3.0.jar;C:\Users\Samuel Oliveira\.m2\repository\org\mapdb\elsa\3.0.0-M5\elsa-3.0.0-M5.jar;C:\Users\Samuel Oliveira\.m2\repository\org\xerial\sqlite-jdbc\3.15.1\sqlite-jdbc-3.15.1.jar;C:\Users\Samuel Oliveira\.m2\repository\io\aeron\aeron-all\1.39.0\aeron-all-1.39.0.jar;C:\Users\Samuel Oliveira\.m2\repository\org\deeplearning4j\deeplearning4j-zoo\1.0.0-M2.1\deeplearning4j-zoo-1.0.0-M2.1.jar;C:\Users\Samuel Oliveira\.m2\repository\org\deeplearning4j\deeplearning4j-parallel-wrapper\1.0.0-M2.1\deeplearning4j-parallel-wrapper-1.0.0-M2.1.jar;C:\Users\Samuel Oliveira\.m2\repository\com\beust\jcommander\1.27\jcommander-1.27.jar;C:\Users\Samuel Oliveira\.m2\repository\org\nd4j\nd4j-parameter-server\1.0.0-M2.1\nd4j-parameter-server-1.0.0-M2.1.jar;C:\Users\Samuel Oliveira\.m2\repository\org\nd4j\nd4j-parameter-server-model\1.0.0-M2.1\nd4j-parameter-server-model-1.0.0-M2.1.jar;C:\Users\Samuel Oliveira\.m2\repository\org\nd4j\nd4j-aeron\1.0.0-M2.1\nd4j-aeron-1.0.0-M2.1.jar;C:\Users\Samuel Oliveira\.m2\repository\com\mashape\unirest\unirest-java\1.4.9\unirest-java-1.4.9.jar;C:\Users\Samuel Oliveira\.m2\repository\org\apache\httpcomponents\httpasyncclient\4.1.1\httpasyncclient-4.1.1.jar;C:\Users\Samuel Oliveira\.m2\repository\org\apache\httpcomponents\httpcore-nio\4.4.4\httpcore-nio-4.4.4.jar;C:\Users\Samuel Oliveira\.m2\repository\org\apache\httpcomponents\httpmime\4.5.2\httpmime-4.5.2.jar;C:\Users\Samuel Oliveira\.m2\repository\org\nd4j\nd4j-parameter-server-client\1.0.0-M2.1\nd4j-parameter-server-client-1.0.0-M2.1.jar;C:\Users\Samuel Oliveira\.m2\repository\jfree\jfreechart\1.0.13\jfreechart-1.0.13.jar;C:\Users\Samuel Oliveira\.m2\repository\jfree\jcommon\1.0.16\jcommon-1.0.16.jar;C:\Users\Samuel Oliveira\.m2\repository\org\jfree\jcommon\1.0.23\jcommon-1.0.23.jar;C:\Users\Samuel Oliveira\.m2\repository\org\apache\httpcomponents\httpclient\4.3.5\httpclient-4.3.5.jar;C:\Users\Samuel Oliveira\.m2\repository\org\apache\httpcomponents\httpcore\4.3.2\httpcore-4.3.2.jar;C:\Users\Samuel Oliveira\.m2\repository\commons-logging\commons-logging\1.1.3\commons-logging-1.1.3.jar;C:\Users\Samuel Oliveira\.m2\repository\ch\qos\logback\logback-classic\1.1.7\logback-classic-1.1.7.jar;C:\Users\Samuel Oliveira\.m2\repository\ch\qos\logback\logback-core\1.1.7\logback-core-1.1.7.jar;C:\Users\Samuel Oliveira\.m2\repository\org\bytedeco\javacv-platform\1.5.5\javacv-platform-1.5.5.jar;C:\Users\Samuel Oliveira\.m2\repository\org\bytedeco\openblas-platform\0.3.13-1.5.5\openblas-platform-0.3.13-1.5.5.jar;C:\Users\Samuel Oliveira\.m2\repository\org\bytedeco\openblas\0.3.13-1.5.5\openblas-0.3.13-1.5.5-android-arm.jar;C:\Users\Samuel Oliveira\.m2\repository\org\bytedeco\openblas\0.3.13-1.5.5\openblas-0.3.13-1.5.5-android-arm64.jar;C:\Users\Samuel Oliveira\.m2\repository\org\bytedeco\openblas\0.3.13-1.5.5\openblas-0.3.13-1.5.5-android-x86.jar;C:\Users\Samuel Oliveira\.m2\repository\org\bytedeco\openblas\0.3.13-1.5.5\openblas-0.3.13-1.5.5-android-x86_64.jar;C:\Users\Samuel Oliveira\.m2\repository\org\bytedeco\openblas\0.3.13-1.5.5\openblas-0.3.13-1.5.5-ios-arm64.jar;C:\Users\Samuel Oliveira\.m2\repository\org\bytedeco\openblas\0.3.13-1.5.5\openblas-0.3.13-1.5.5-ios-x86_64.jar;C:\Users\Samuel Oliveira\.m2\repository\org\bytedeco\openblas\0.3.13-1.5.5\openblas-0.3.13-1.5.5-linux-x86.jar;C:\Users\Samuel Oliveira\.m2\repository\org\bytedeco\openblas\0.3.13-1.5.5\openblas-0.3.13-1.5.5-linux-x86_64.jar;C:\Users\Samuel Oliveira\.m2\repository\org\bytedeco\openblas\0.3.13-1.5.5\openblas-0.3.13-1.5.5-linux-armhf.jar;C:\Users\Samuel Oliveira\.m2\repository\org\bytedeco\openblas\0.3.13-1.5.5\openblas-0.3.13-1.5.5-linux-arm64.jar;C:\Users\Samuel Oliveira\.m2\repository\org\bytedeco\openblas\0.3.13-1.5.5\openblas-0.3.13-1.5.5-linux-ppc64le.jar;C:\Users\Samuel Oliveira\.m2\repository\org\bytedeco\openblas\0.3.13-1.5.5\openblas-0.3.13-1.5.5-macosx-x86_64.jar;C:\Users\Samuel Oliveira\.m2\repository\org\bytedeco\openblas\0.3.13-1.5.5\openblas-0.3.13-1.5.5-windows-x86.jar;C:\Users\Samuel Oliveira\.m2\repository\org\bytedeco\flycapture-platform\2.13.3.31-1.5.5\flycapture-platform-2.13.3.31-1.5.5.jar;C:\Users\Samuel Oliveira\.m2\repository\org\bytedeco\flycapture\2.13.3.31-1.5.5\flycapture-2.13.3.31-1.5.5-linux-x86.jar;C:\Users\Samuel Oliveira\.m2\repository\org\bytedeco\flycapture\2.13.3.31-1.5.5\flycapture-2.13.3.31-1.5.5-linux-x86_64.jar;C:\Users\Samuel Oliveira\.m2\repository\org\bytedeco\flycapture\2.13.3.31-1.5.5\flycapture-2.13.3.31-1.5.5-linux-armhf.jar;C:\Users\Samuel Oliveira\.m2\repository\org\bytedeco\flycapture\2.13.3.31-1.5.5\flycapture-2.13.3.31-1.5.5-linux-arm64.jar;C:\Users\Samuel Oliveira\.m2\repository\org\bytedeco\flycapture\2.13.3.31-1.5.5\flycapture-2.13.3.31-1.5.5-windows-x86.jar;C:\Users\Samuel Oliveira\.m2\repository\org\bytedeco\flycapture\2.13.3.31-1.5.5\flycapture-2.13.3.31-1.5.5-windows-x86_64.jar;C:\Users\Samuel Oliveira\.m2\repository\org\bytedeco\libdc1394-platform\2.2.6-1.5.5\libdc1394-platform-2.2.6-1.5.5.jar;C:\Users\Samuel Oliveira\.m2\repository\org\bytedeco\libdc1394\2.2.6-1.5.5\libdc1394-2.2.6-1.5.5-linux-x86.jar;C:\Users\Samuel Oliveira\.m2\repository\org\bytedeco\libdc1394\2.2.6-1.5.5\libdc1394-2.2.6-1.5.5-linux-x86_64.jar;C:\Users\Samuel Oliveira\.m2\repository\org\bytedeco\libdc1394\2.2.6-1.5.5\libdc1394-2.2.6-1.5.5-linux-armhf.jar;C:\Users\Samuel Oliveira\.m2\repository\org\bytedeco\libdc1394\2.2.6-1.5.5\libdc1394-2.2.6-1.5.5-linux-arm64.jar;C:\Users\Samuel Oliveira\.m2\repository\org\bytedeco\libdc1394\2.2.6-1.5.5\libdc1394-2.2.6-1.5.5-linux-ppc64le.jar;C:\Users\Samuel Oliveira\.m2\repository\org\bytedeco\libdc1394\2.2.6-1.5.5\libdc1394-2.2.6-1.5.5-macosx-x86_64.jar;C:\Users\Samuel Oliveira\.m2\repository\org\bytedeco\libdc1394\2.2.6-1.5.5\libdc1394-2.2.6-1.5.5-windows-x86.jar;C:\Users\Samuel Oliveira\.m2\repository\org\bytedeco\libdc1394\2.2.6-1.5.5\libdc1394-2.2.6-1.5.5-windows-x86_64.jar;C:\Users\Samuel Oliveira\.m2\repository\org\bytedeco\libfreenect-platform\0.5.7-1.5.5\libfreenect-platform-0.5.7-1.5.5.jar;C:\Users\Samuel Oliveira\.m2\repository\org\bytedeco\libfreenect\0.5.7-1.5.5\libfreenect-0.5.7-1.5.5-linux-x86.jar;C:\Users\Samuel Oliveira\.m2\repository\org\bytedeco\libfreenect\0.5.7-1.5.5\libfreenect-0.5.7-1.5.5-linux-x86_64.jar;C:\Users\Samuel Oliveira\.m2\repository\org\bytedeco\libfreenect\0.5.7-1.5.5\libfreenect-0.5.7-1.5.5-linux-armhf.jar;C:\Users\Samuel Oliveira\.m2\repository\org\bytedeco\libfreenect\0.5.7-1.5.5\libfreenect-0.5.7-1.5.5-linux-arm64.jar;C:\Users\Samuel Oliveira\.m2\repository\org\bytedeco\libfreenect\0.5.7-1.5.5\libfreenect-0.5.7-1.5.5-linux-ppc64le.jar;C:\Users\Samuel Oliveira\.m2\repository\org\bytedeco\libfreenect\0.5.7-1.5.5\libfreenect-0.5.7-1.5.5-macosx-x86_64.jar;C:\Users\Samuel Oliveira\.m2\repository\org\bytedeco\libfreenect\0.5.7-1.5.5\libfreenect-0.5.7-1.5.5-windows-x86.jar;C:\Users\Samuel Oliveira\.m2\repository\org\bytedeco\libfreenect\0.5.7-1.5.5\libfreenect-0.5.7-1.5.5-windows-x86_64.jar;C:\Users\Samuel Oliveira\.m2\repository\org\bytedeco\libfreenect2-platform\0.2.0-1.5.5\libfreenect2-platform-0.2.0-1.5.5.jar;C:\Users\Samuel Oliveira\.m2\repository\org\bytedeco\libfreenect2\0.2.0-1.5.5\libfreenect2-0.2.0-1.5.5-linux-x86.jar;C:\Users\Samuel Oliveira\.m2\repository\org\bytedeco\libfreenect2\0.2.0-1.5.5\libfreenect2-0.2.0-1.5.5-linux-x86_64.jar;C:\Users\Samuel Oliveira\.m2\repository\org\bytedeco\libfreenect2\0.2.0-1.5.5\libfreenect2-0.2.0-1.5.5-macosx-x86_64.jar;C:\Users\Samuel Oliveira\.m2\repository\org\bytedeco\libfreenect2\0.2.0-1.5.5\libfreenect2-0.2.0-1.5.5-windows-x86_64.jar;C:\Users\Samuel Oliveira\.m2\repository\org\bytedeco\librealsense-platform\1.12.4-1.5.5\librealsense-platform-1.12.4-1.5.5.jar;C:\Users\Samuel Oliveira\.m2\repository\org\bytedeco\librealsense\1.12.4-1.5.5\librealsense-1.12.4-1.5.5-linux-armhf.jar;C:\Users\Samuel Oliveira\.m2\repository\org\bytedeco\librealsense\1.12.4-1.5.5\librealsense-1.12.4-1.5.5-linux-arm64.jar;C:\Users\Samuel Oliveira\.m2\repository\org\bytedeco\librealsense\1.12.4-1.5.5\librealsense-1.12.4-1.5.5-linux-x86.jar;C:\Users\Samuel Oliveira\.m2\repository\org\bytedeco\librealsense\1.12.4-1.5.5\librealsense-1.12.4-1.5.5-linux-x86_64.jar;C:\Users\Samuel Oliveira\.m2\repository\org\bytedeco\librealsense\1.12.4-1.5.5\librealsense-1.12.4-1.5.5-macosx-x86_64.jar;C:\Users\Samuel Oliveira\.m2\repository\org\bytedeco\librealsense\1.12.4-1.5.5\librealsense-1.12.4-1.5.5-windows-x86.jar;C:\Users\Samuel Oliveira\.m2\repository\org\bytedeco\librealsense\1.12.4-1.5.5\librealsense-1.12.4-1.5.5-windows-x86_64.jar;C:\Users\Samuel Oliveira\.m2\repository\org\bytedeco\librealsense2-platform\2.40.0-1.5.5\librealsense2-platform-2.40.0-1.5.5.jar;C:\Users\Samuel Oliveira\.m2\repository\org\bytedeco\librealsense2\2.40.0-1.5.5\librealsense2-2.40.0-1.5.5-linux-armhf.jar;C:\Users\Samuel Oliveira\.m2\repository\org\bytedeco\librealsense2\2.40.0-1.5.5\librealsense2-2.40.0-1.5.5-linux-arm64.jar;C:\Users\Samuel Oliveira\.m2\repository\org\bytedeco\librealsense2\2.40.0-1.5.5\librealsense2-2.40.0-1.5.5-linux-x86.jar;C:\Users\Samuel Oliveira\.m2\repository\org\bytedeco\librealsense2\2.40.0-1.5.5\librealsense2-2.40.0-1.5.5-linux-x86_64.jar;C:\Users\Samuel Oliveira\.m2\repository\org\bytedeco\librealsense2\2.40.0-1.5.5\librealsense2-2.40.0-1.5.5-macosx-x86_64.jar;C:\Users\Samuel Oliveira\.m2\repository\org\bytedeco\librealsense2\2.40.0-1.5.5\librealsense2-2.40.0-1.5.5-windows-x86.jar;C:\Users\Samuel Oliveira\.m2\repository\org\bytedeco\librealsense2\2.40.0-1.5.5\librealsense2-2.40.0-1.5.5-windows-x86_64.jar;C:\Users\Samuel Oliveira\.m2\repository\org\bytedeco\videoinput-platform\0.200-1.5.5\videoinput-platform-0.200-1.5.5.jar;C:\Users\Samuel Oliveira\.m2\repository\org\bytedeco\videoinput\0.200-1.5.5\videoinput-0.200-1.5.5-windows-x86.jar;C:\Users\Samuel Oliveira\.m2\repository\org\bytedeco\videoinput\0.200-1.5.5\videoinput-0.200-1.5.5-windows-x86_64.jar;C:\Users\Samuel Oliveira\.m2\repository\org\bytedeco\artoolkitplus-platform\2.3.1-1.5.5\artoolkitplus-platform-2.3.1-1.5.5.jar;C:\Users\Samuel Oliveira\.m2\repository\org\bytedeco\artoolkitplus\2.3.1-1.5.5\artoolkitplus-2.3.1-1.5.5-android-arm.jar;C:\Users\Samuel Oliveira\.m2\repository\org\bytedeco\artoolkitplus\2.3.1-1.5.5\artoolkitplus-2.3.1-1.5.5-android-arm64.jar;C:\Users\Samuel Oliveira\.m2\repository\org\bytedeco\artoolkitplus\2.3.1-1.5.5\artoolkitplus-2.3.1-1.5.5-android-x86.jar;C:\Users\Samuel Oliveira\.m2\repository\org\bytedeco\artoolkitplus\2.3.1-1.5.5\artoolkitplus-2.3.1-1.5.5-android-x86_64.jar;C:\Users\Samuel Oliveira\.m2\repository\org\bytedeco\artoolkitplus\2.3.1-1.5.5\artoolkitplus-2.3.1-1.5.5-linux-x86.jar;C:\Users\Samuel Oliveira\.m2\repository\org\bytedeco\artoolkitplus\2.3.1-1.5.5\artoolkitplus-2.3.1-1.5.5-linux-x86_64.jar;C:\Users\Samuel Oliveira\.m2\repository\org\bytedeco\artoolkitplus\2.3.1-1.5.5\artoolkitplus-2.3.1-1.5.5-linux-armhf.jar;C:\Users\Samuel Oliveira\.m2\repository\org\bytedeco\artoolkitplus\2.3.1-1.5.5\artoolkitplus-2.3.1-1.5.5-linux-arm64.jar;C:\Users\Samuel Oliveira\.m2\repository\org\bytedeco\artoolkitplus\2.3.1-1.5.5\artoolkitplus-2.3.1-1.5.5-linux-ppc64le.jar;C:\Users\Samuel Oliveira\.m2\repository\org\bytedeco\artoolkitplus\2.3.1-1.5.5\artoolkitplus-2.3.1-1.5.5-macosx-x86_64.jar;C:\Users\Samuel Oliveira\.m2\repository\org\bytedeco\artoolkitplus\2.3.1-1.5.5\artoolkitplus-2.3.1-1.5.5-windows-x86.jar;C:\Users\Samuel Oliveira\.m2\repository\org\bytedeco\artoolkitplus\2.3.1-1.5.5\artoolkitplus-2.3.1-1.5.5-windows-x86_64.jar;C:\Users\Samuel Oliveira\.m2\repository\org\bytedeco\flandmark-platform\1.07-1.5.5\flandmark-platform-1.07-1.5.5.jar;C:\Users\Samuel Oliveira\.m2\repository\org\bytedeco\flandmark\1.07-1.5.5\flandmark-1.07-1.5.5-android-arm.jar;C:\Users\Samuel Oliveira\.m2\repository\org\bytedeco\flandmark\1.07-1.5.5\flandmark-1.07-1.5.5-android-arm64.jar;C:\Users\Samuel Oliveira\.m2\repository\org\bytedeco\flandmark\1.07-1.5.5\flandmark-1.07-1.5.5-android-x86.jar;C:\Users\Samuel Oliveira\.m2\repository\org\bytedeco\flandmark\1.07-1.5.5\flandmark-1.07-1.5.5-android-x86_64.jar;C:\Users\Samuel Oliveira\.m2\repository\org\bytedeco\flandmark\1.07-1.5.5\flandmark-1.07-1.5.5-linux-x86.jar;C:\Users\Samuel Oliveira\.m2\repository\org\bytedeco\flandmark\1.07-1.5.5\flandmark-1.07-1.5.5-linux-x86_64.jar;C:\Users\Samuel Oliveira\.m2\repository\org\bytedeco\flandmark\1.07-1.5.5\flandmark-1.07-1.5.5-linux-armhf.jar;C:\Users\Samuel Oliveira\.m2\repository\org\bytedeco\flandmark\1.07-1.5.5\flandmark-1.07-1.5.5-linux-arm64.jar;C:\Users\Samuel Oliveira\.m2\repository\org\bytedeco\flandmark\1.07-1.5.5\flandmark-1.07-1.5.5-linux-ppc64le.jar;C:\Users\Samuel Oliveira\.m2\repository\org\bytedeco\flandmark\1.07-1.5.5\flandmark-1.07-1.5.5-macosx-x86_64.jar;C:\Users\Samuel Oliveira\.m2\repository\org\bytedeco\flandmark\1.07-1.5.5\flandmark-1.07-1.5.5-windows-x86.jar;C:\Users\Samuel Oliveira\.m2\repository\org\bytedeco\flandmark\1.07-1.5.5\flandmark-1.07-1.5.5-windows-x86_64.jar;C:\Users\Samuel Oliveira\.m2\repository\org\bytedeco\tesseract-platform\4.1.1-1.5.5\tesseract-platform-4.1.1-1.5.5.jar;C:\Users\Samuel Oliveira\.m2\repository\org\bytedeco\tesseract\4.1.1-1.5.5\tesseract-4.1.1-1.5.5-android-arm.jar;C:\Users\Samuel Oliveira\.m2\repository\org\bytedeco\tesseract\4.1.1-1.5.5\tesseract-4.1.1-1.5.5-android-arm64.jar;C:\Users\Samuel Oliveira\.m2\repository\org\bytedeco\tesseract\4.1.1-1.5.5\tesseract-4.1.1-1.5.5-android-x86.jar;C:\Users\Samuel Oliveira\.m2\repository\org\bytedeco\tesseract\4.1.1-1.5.5\tesseract-4.1.1-1.5.5-android-x86_64.jar;C:\Users\Samuel Oliveira\.m2\repository\org\bytedeco\tesseract\4.1.1-1.5.5\tesseract-4.1.1-1.5.5-linux-x86.jar;C:\Users\Samuel Oliveira\.m2\repository\org\bytedeco\tesseract\4.1.1-1.5.5\tesseract-4.1.1-1.5.5-linux-x86_64.jar;C:\Users\Samuel Oliveira\.m2\repository\org\bytedeco\tesseract\4.1.1-1.5.5\tesseract-4.1.1-1.5.5-linux-armhf.jar;C:\Users\Samuel Oliveira\.m2\repository\org\bytedeco\tesseract\4.1.1-1.5.5\tesseract-4.1.1-1.5.5-linux-arm64.jar;C:\Users\Samuel Oliveira\.m2\repository\org\bytedeco\tesseract\4.1.1-1.5.5\tesseract-4.1.1-1.5.5-linux-ppc64le.jar;C:\Users\Samuel Oliveira\.m2\repository\org\bytedeco\tesseract\4.1.1-1.5.5\tesseract-4.1.1-1.5.5-macosx-x86_64.jar;C:\Users\Samuel Oliveira\.m2\repository\org\bytedeco\tesseract\4.1.1-1.5.5\tesseract-4.1.1-1.5.5-windows-x86.jar;C:\Users\Samuel Oliveira\.m2\repository\org\bytedeco\tesseract\4.1.1-1.5.5\tesseract-4.1.1-1.5.5-windows-x86_64.jar;C:\Users\Samuel Oliveira\.m2\repository\org\junit\jupiter\junit-jupiter-engine\5.8.0-M1\junit-jupiter-engine-5.8.0-M1.jar;C:\Users\Samuel Oliveira\.m2\repository\org\apiguardian\apiguardian-api\1.1.1\apiguardian-api-1.1.1.jar;C:\Users\Samuel Oliveira\.m2\repository\org\junit\platform\junit-platform-engine\1.8.0-M1\junit-platform-engine-1.8.0-M1.jar;C:\Users\Samuel Oliveira\.m2\repository\org\jetbrains\kotlin\kotlin-stdlib-jdk8\1.4.20\kotlin-stdlib-jdk8-1.4.20.jar;C:\Users\Samuel Oliveira\.m2\repository\org\jetbrains\kotlin\kotlin-stdlib\1.4.20\kotlin-stdlib-1.4.20.jar;C:\Users\Samuel Oliveira\.m2\repository\org\jetbrains\kotlin\kotlin-stdlib-common\1.4.20\kotlin-stdlib-common-1.4.20.jar;C:\Users\Samuel Oliveira\.m2\repository\org\jetbrains\annotations\13.0\annotations-13.0.jar;C:\Users\Samuel Oliveira\.m2\repository\org\jetbrains\kotlin\kotlin-stdlib-jdk7\1.4.20\kotlin-stdlib-jdk7-1.4.20.jar;C:\Users\Samuel Oliveira\.m2\repository\org\junit\jupiter\junit-jupiter-api\5.8.0-M1\junit-jupiter-api-5.8.0-M1.jar;C:\Users\Samuel Oliveira\.m2\repository\org\opentest4j\opentest4j\1.2.0\opentest4j-1.2.0.jar;C:\Users\Samuel Oliveira\.m2\repository\org\junit\platform\junit-platform-commons\1.8.0-M1\junit-platform-commons-1.8.0-M1.jar;"/>
    <property name="sun.cpu.endian" value="little"/>
    <property name="user.home" value="C:\Users\Samuel Oliveira"/>
    <property name="user.language" value="pt"/>
    <property name="java.specification.vendor" value="Oracle Corporation"/>
    <property name="java.version.date" value="2023-04-18"/>
    <property name="java.home" value="C:\Program Files\Java\jdk-20"/>
    <property name="file.separator" value="\"/>
    <property name="basedir" value="C:\Users\Samuel Oliveira\dl4j-examples"/>
    <property name="java.vm.compressedOopsMode" value="Zero based"/>
    <property name="line.separator" value="&#10;"/>
    <property name="java.vm.specification.vendor" value="Oracle Corporation"/>
    <property name="java.specification.name" value="Java Platform API Specification"/>
    <property name="surefire.real.class.path" value="C:\Users\Samuel Oliveira\AppData\Local\Temp\surefire1328921612613577145\surefirebooter2877133107576473263.jar"/>
    <property name="user.script" value=""/>
    <property name="sun.management.compiler" value="HotSpot 64-Bit Tiered Compilers"/>
    <property name="java.runtime.version" value="20.0.1+9-29"/>
    <property name="user.name" value="Samuel Oliveira"/>
    <property name="stdout.encoding" value="UTF-8"/>
    <property name="path.separator" value=";"/>
    <property name="os.version" value="10.0"/>
    <property name="java.runtime.name" value="Java(TM) SE Runtime Environment"/>
    <property name="file.encoding" value="UTF-8"/>
    <property name="java.vm.name" value="Java HotSpot(TM) 64-Bit Server VM"/>
    <property name="localRepository" value="C:\Users\Samuel Oliveira\.m2\repository"/>
    <property name="java.vendor.url.bug" value="https://bugreport.java.com/bugreport/"/>
    <property name="java.io.tmpdir" value="C:\Users\SAMUEL~1\AppData\Local\Temp\"/>
    <property name="java.version" value="20.0.1"/>
    <property name="user.dir" value="C:\Users\Samuel Oliveira\dl4j-examples"/>
    <property name="os.arch" value="amd64"/>
    <property name="java.vm.specification.name" value="Java Virtual Machine Specification"/>
    <property name="sun.os.patch.level" value=""/>
    <property name="native.encoding" value="UTF-8"/>
    <property name="java.library.path" value="C:\Program Files\Java\jdk-20\bin;C:\Windows\Sun\Java\bin;C:\Windows\system32;C:\Windows;C:\Program Files\Common Files\Oracle\Java\javapath;C:\Program Files (x86)\Common Files\Oracle\Java\javapath;C:\Windows\system32;C:\Windows;C:\Windows\System32\Wbem;C:\Windows\System32\WindowsPowerShell\v1.0\;C:\Windows\System32\OpenSSH\;C:\Program Files\Git\cmd;C:\Program Files\nodejs\;C:\Program Files\Docker\Docker\resources\bin;C:\Program Files (x86)\Common Files\Rockwell;C:\Program Files (x86)\Rockwell Software\RSCommon;C:\Program Files\MariaDB\MariaDB Connector C 64-bit\lib\;C:\Program Files\MariaDB\MariaDB Connector C 64-bit\lib\plugin\;;C:\Program Files (x86)\AOMEI\AOMEI Backupper\7.3.3;C:\LINGO64_18\;C:\Users\Samuel Oliveira\AppData\Local\Programs\Python\Python310\Scripts\;C:\Users\Samuel Oliveira\AppData\Local\Programs\Python\Python310\;C:\Program Files\MySQL\MySQL Shell 8.0\bin\;C:\Users\Samuel Oliveira\AppData\Local\Microsoft\WindowsApps;C:\Users\Samuel Oliveira\AppData\Local\Programs\Microsoft VS Code\bin;C:\Users\Samuel Oliveira\AppData\Local\anaconda3\Library\bin\conda.bat;C:\Users\Samuel Oliveira\AppData\Local\anaconda3\Scripts\conda.exe;C:\Users\Samuel Oliveira\AppData\Local\anaconda3\condabin\conda.bat;C:\Users\Samuel Oliveira\AppData\Roaming\npm;C:\Program Files\MySQL\MySQL Server 8.0\bin;C:\ProgramData\anaconda3\Scripts;C:\Gradle\gradle-8.7\bin;C:\Program Files (x86)\WiX Toolset v3.14\bin;C:\apache-maven-3.9.9-bin\apache-maven-3.9.9\bin;;."/>
    <property name="java.vm.info" value="mixed mode, sharing"/>
    <property name="stderr.encoding" value="UTF-8"/>
    <property name="java.vendor" value="Oracle Corporation"/>
    <property name="java.vm.version" value="20.0.1+9-29"/>
    <property name="sun.io.unicode.encoding" value="UnicodeLittle"/>
    <property name="java.class.version" value="64.0"/>
  </properties>
  <testcase name="test" classname="org.deeplearning4j.examples.QuickTest" time="94.876">
    <system-out><![CDATA[Beginning LenetMNIST
20:25:48,565 |-INFO in ch.qos.logback.classic.LoggerContext[default] - Could NOT find resource [logback.groovy]
20:25:48,565 |-INFO in ch.qos.logback.classic.LoggerContext[default] - Could NOT find resource [logback-test.xml]
20:25:48,565 |-INFO in ch.qos.logback.classic.LoggerContext[default] - Found resource [logback.xml] at [file:/C:/Users/Samuel%20Oliveira/dl4j-examples/target/test-classes/logback.xml]
20:25:48,565 |-WARN in ch.qos.logback.classic.LoggerContext[default] - Resource [logback.xml] occurs multiple times on the classpath.
20:25:48,565 |-WARN in ch.qos.logback.classic.LoggerContext[default] - Resource [logback.xml] occurs at [file:/C:/Users/Samuel%20Oliveira/dl4j-examples/target/classes/logback.xml]
20:25:48,565 |-WARN in ch.qos.logback.classic.LoggerContext[default] - Resource [logback.xml] occurs at [file:/C:/Users/Samuel%20Oliveira/dl4j-examples/target/test-classes/logback.xml]
20:25:48,627 |-INFO in ch.qos.logback.classic.joran.action.ConfigurationAction - debug attribute not set
20:25:48,643 |-INFO in ch.qos.logback.core.joran.action.AppenderAction - About to instantiate appender of type [ch.qos.logback.core.FileAppender]
20:25:48,643 |-INFO in ch.qos.logback.core.joran.action.AppenderAction - Naming appender as [FILE]
20:25:48,659 |-INFO in ch.qos.logback.core.joran.action.NestedComplexPropertyIA - Assuming default type [ch.qos.logback.classic.encoder.PatternLayoutEncoder] for [encoder] property
20:25:48,674 |-INFO in ch.qos.logback.core.FileAppender[FILE] - File property is set to [logs/application.log]
20:25:48,674 |-INFO in ch.qos.logback.core.joran.action.AppenderAction - About to instantiate appender of type [ch.qos.logback.core.ConsoleAppender]
20:25:48,674 |-INFO in ch.qos.logback.core.joran.action.AppenderAction - Naming appender as [STDOUT]
20:25:48,674 |-INFO in ch.qos.logback.core.joran.action.NestedComplexPropertyIA - Assuming default type [ch.qos.logback.classic.encoder.PatternLayoutEncoder] for [encoder] property
20:25:48,674 |-INFO in ch.qos.logback.classic.joran.action.LoggerAction - Setting level of logger [org.apache.catalina.core] to DEBUG
20:25:48,674 |-INFO in ch.qos.logback.classic.joran.action.LoggerAction - Setting level of logger [org.springframework] to DEBUG
20:25:48,674 |-INFO in ch.qos.logback.classic.joran.action.LoggerAction - Setting level of logger [org.deeplearning4j] to INFO
20:25:48,674 |-INFO in ch.qos.logback.classic.joran.action.LoggerAction - Setting level of logger [org.canova] to INFO
20:25:48,674 |-INFO in ch.qos.logback.classic.joran.action.LoggerAction - Setting level of logger [org.datavec] to INFO
20:25:48,674 |-INFO in ch.qos.logback.classic.joran.action.LoggerAction - Setting level of logger [org.nd4j] to INFO
20:25:48,674 |-INFO in ch.qos.logback.classic.joran.action.LoggerAction - Setting level of logger [opennlp.uima.util] to OFF
20:25:48,674 |-INFO in ch.qos.logback.classic.joran.action.LoggerAction - Setting level of logger [org.apache.uima] to OFF
20:25:48,674 |-INFO in ch.qos.logback.classic.joran.action.LoggerAction - Setting level of logger [org.cleartk] to OFF
20:25:48,674 |-INFO in ch.qos.logback.classic.joran.action.RootLoggerAction - Setting level of ROOT logger to ERROR
20:25:48,674 |-INFO in ch.qos.logback.core.joran.action.AppenderRefAction - Attaching appender named [STDOUT] to Logger[ROOT]
20:25:48,674 |-INFO in ch.qos.logback.core.joran.action.AppenderRefAction - Attaching appender named [FILE] to Logger[ROOT]
20:25:48,674 |-INFO in ch.qos.logback.classic.joran.action.ConfigurationAction - End of configuration.
20:25:48,674 |-INFO in ch.qos.logback.classic.joran.JoranConfigurator@3cce57c7 - Registering current configuration as safe fallback point

o.d.e.q.m.c.LeNetMNIST - Load data....
o.d.e.q.m.c.LeNetMNIST - Build model....
o.n.l.f.Nd4jBackend - Loaded [CpuBackend] backend
o.n.n.NativeOpsHolder - Number of threads used for linear algebra: 4
o.n.l.c.n.CpuNDArrayFactory - Binary level Generic x86 optimization level AVX512
o.n.n.Nd4jBlas - Number of threads used for OpenMP BLAS: 4
o.n.l.a.o.e.DefaultOpExecutioner - Backend used: [CPU]; OS: [Windows 11]
o.n.l.a.o.e.DefaultOpExecutioner - Cores: [8]; Memory: [3,9GB];
o.n.l.a.o.e.DefaultOpExecutioner - Blas vendor: [OPENBLAS]
o.n.l.c.n.CpuBackend - Backend build information:
 GCC: "12.1.0"
STD version: 201103L
DEFAULT_ENGINE: samediff::ENGINE_CPU
HAVE_FLATBUFFERS
HAVE_OPENBLAS
o.d.n.m.MultiLayerNetwork - Starting MultiLayerNetwork with WorkspaceModes set to [training: ENABLED; inference: ENABLED], cacheMode set to [NONE]
o.d.e.q.m.c.LeNetMNIST - Train model...
o.d.o.l.ScoreIterationListener - Score at iteration 0 is 2.474314901567134
o.d.o.l.ScoreIterationListener - Score at iteration 10 is 1.1818024299960421
o.d.o.l.ScoreIterationListener - Score at iteration 20 is 0.5705567199411505
o.d.o.l.ScoreIterationListener - Score at iteration 30 is 0.6281971561108126
o.d.o.l.ScoreIterationListener - Score at iteration 40 is 0.42112509639921125
o.d.o.l.ScoreIterationListener - Score at iteration 50 is 0.4008162052181937
o.d.o.l.ScoreIterationListener - Score at iteration 60 is 0.5216378793264981
o.d.o.l.ScoreIterationListener - Score at iteration 70 is 0.46046501951939633
o.d.o.l.ScoreIterationListener - Score at iteration 80 is 0.37976473604119676
o.d.o.l.ScoreIterationListener - Score at iteration 90 is 0.2888461478030417
o.d.o.l.ScoreIterationListener - Score at iteration 100 is 0.47394283098785317
o.d.o.l.ScoreIterationListener - Score at iteration 110 is 0.29389994439605344
o.d.o.l.ScoreIterationListener - Score at iteration 120 is 0.18194370286462463
o.d.o.l.ScoreIterationListener - Score at iteration 130 is 0.3938000618054683
o.d.o.l.ScoreIterationListener - Score at iteration 140 is 0.31659247747111463
o.d.o.l.ScoreIterationListener - Score at iteration 150 is 0.30564910531739853
o.d.o.l.ScoreIterationListener - Score at iteration 160 is 0.32765654367686514
o.d.o.l.ScoreIterationListener - Score at iteration 170 is 0.25772052799039213
o.d.o.l.ScoreIterationListener - Score at iteration 180 is 0.3098915103789807
o.d.o.l.ScoreIterationListener - Score at iteration 190 is 0.20304406107466072
o.d.o.l.ScoreIterationListener - Score at iteration 200 is 0.2309139108273829
o.d.o.l.ScoreIterationListener - Score at iteration 210 is 0.1954587824716224
o.d.o.l.ScoreIterationListener - Score at iteration 220 is 0.2815456656814642
o.d.o.l.ScoreIterationListener - Score at iteration 230 is 0.2824260232721137
o.d.o.l.ScoreIterationListener - Score at iteration 240 is 0.21184421936440692
o.d.o.l.ScoreIterationListener - Score at iteration 250 is 0.33043799656354966
o.d.o.l.ScoreIterationListener - Score at iteration 260 is 0.26146858173924
o.d.o.l.ScoreIterationListener - Score at iteration 270 is 0.1964844616147343
o.d.o.l.ScoreIterationListener - Score at iteration 280 is 0.46412115595978454
o.d.o.l.ScoreIterationListener - Score at iteration 290 is 0.23272181078769344
o.d.o.l.ScoreIterationListener - Score at iteration 300 is 0.2188369517938318
o.d.o.l.ScoreIterationListener - Score at iteration 310 is 0.31221933972541016
o.d.o.l.ScoreIterationListener - Score at iteration 320 is 0.17758739489571446
o.d.o.l.ScoreIterationListener - Score at iteration 330 is 0.25394994609645666
o.d.o.l.ScoreIterationListener - Score at iteration 340 is 0.19821199482959195
o.d.o.l.ScoreIterationListener - Score at iteration 350 is 0.27251362787507744
o.d.o.l.ScoreIterationListener - Score at iteration 360 is 0.34970785429765816
o.d.o.l.ScoreIterationListener - Score at iteration 370 is 0.3103908661844825
o.d.o.l.ScoreIterationListener - Score at iteration 380 is 0.15047656989044692
o.d.o.l.ScoreIterationListener - Score at iteration 390 is 0.1912029696444767
o.d.o.l.ScoreIterationListener - Score at iteration 400 is 0.2279758560376145
o.d.o.l.ScoreIterationListener - Score at iteration 410 is 0.3036195726666575
o.d.o.l.ScoreIterationListener - Score at iteration 420 is 0.28933711355375685
o.d.o.l.ScoreIterationListener - Score at iteration 430 is 0.18063227041087676
o.d.o.l.ScoreIterationListener - Score at iteration 440 is 0.321626382976903
o.d.o.l.ScoreIterationListener - Score at iteration 450 is 0.15712363469083346
o.d.o.l.ScoreIterationListener - Score at iteration 460 is 0.13597652986212339
o.d.o.l.ScoreIterationListener - Score at iteration 470 is 0.16269120112762855
o.d.o.l.ScoreIterationListener - Score at iteration 480 is 0.23124493363186588
o.d.o.l.ScoreIterationListener - Score at iteration 490 is 0.14617045080916274
o.d.o.l.ScoreIterationListener - Score at iteration 500 is 0.18363410823719878
o.d.o.l.ScoreIterationListener - Score at iteration 510 is 0.28797191343374257
o.d.o.l.ScoreIterationListener - Score at iteration 520 is 0.14039974088831736
o.d.o.l.ScoreIterationListener - Score at iteration 530 is 0.24415572360962817
o.d.o.l.ScoreIterationListener - Score at iteration 540 is 0.17923862631248194
o.d.o.l.ScoreIterationListener - Score at iteration 550 is 0.18240511451515576
o.d.o.l.ScoreIterationListener - Score at iteration 560 is 0.16128275625697513
o.d.o.l.ScoreIterationListener - Score at iteration 570 is 0.15584019153607576
o.d.o.l.ScoreIterationListener - Score at iteration 580 is 0.14399326042017907
o.d.o.l.ScoreIterationListener - Score at iteration 590 is 0.16266162887789767
o.d.o.l.ScoreIterationListener - Score at iteration 600 is 0.19677433003817302
o.d.o.l.ScoreIterationListener - Score at iteration 610 is 0.2048597397434309
o.d.o.l.ScoreIterationListener - Score at iteration 620 is 0.20671428832308603
o.d.o.l.ScoreIterationListener - Score at iteration 630 is 0.12007587547788048
o.d.o.l.ScoreIterationListener - Score at iteration 640 is 0.14455661533870717
o.d.o.l.ScoreIterationListener - Score at iteration 650 is 0.23611063530086843
o.d.o.l.ScoreIterationListener - Score at iteration 660 is 0.22759876529552564
o.d.o.l.ScoreIterationListener - Score at iteration 670 is 0.2231662116861834
o.d.o.l.ScoreIterationListener - Score at iteration 680 is 0.16727290262768446
o.d.o.l.ScoreIterationListener - Score at iteration 690 is 0.11596837893450562
o.d.o.l.ScoreIterationListener - Score at iteration 700 is 0.12007384663972191
o.d.o.l.ScoreIterationListener - Score at iteration 710 is 0.11272724799822584
o.d.o.l.ScoreIterationListener - Score at iteration 720 is 0.12172656373184107
o.d.o.l.ScoreIterationListener - Score at iteration 730 is 0.13192284472474705
o.d.o.l.ScoreIterationListener - Score at iteration 740 is 0.2666387604312454
o.d.o.l.ScoreIterationListener - Score at iteration 750 is 0.1321906860916216
o.d.o.l.ScoreIterationListener - Score at iteration 760 is 0.1793748629094756
o.d.o.l.ScoreIterationListener - Score at iteration 770 is 0.1364681281462589
o.d.o.l.ScoreIterationListener - Score at iteration 780 is 0.11534906809372843
o.d.o.l.ScoreIterationListener - Score at iteration 790 is 0.11934421639478575
o.d.o.l.ScoreIterationListener - Score at iteration 800 is 0.14483369795183543
o.d.o.l.ScoreIterationListener - Score at iteration 810 is 0.10441393014471013
o.d.o.l.ScoreIterationListener - Score at iteration 820 is 0.1772374933375943
o.d.o.l.ScoreIterationListener - Score at iteration 830 is 0.1408120183437523
o.d.o.l.ScoreIterationListener - Score at iteration 840 is 0.14193475849510387
o.d.o.l.ScoreIterationListener - Score at iteration 850 is 0.23004183490383429
o.d.o.l.ScoreIterationListener - Score at iteration 860 is 0.1750022866352947
o.d.o.l.ScoreIterationListener - Score at iteration 870 is 0.14302127139639556
o.d.o.l.ScoreIterationListener - Score at iteration 880 is 0.10323413351193057
o.d.o.l.ScoreIterationListener - Score at iteration 890 is 0.14436256605511077
o.d.o.l.ScoreIterationListener - Score at iteration 900 is 0.1721036295411778
o.d.o.l.ScoreIterationListener - Score at iteration 910 is 0.09485468950377404
o.d.o.l.ScoreIterationListener - Score at iteration 920 is 0.2222132795244652
o.d.o.l.ScoreIterationListener - Score at iteration 930 is 0.13775428070731643
o.d.o.l.EvaluativeListener - Starting evaluation nr. 1
o.d.o.l.EvaluativeListener - Reporting evaluation results:
o.d.o.l.EvaluativeListener - Evaluation:


========================Evaluation Metrics========================
 # of classes:    10
 Accuracy:        0,9854
 Precision:       0,9855
 Recall:          0,9851
 F1 Score:        0,9853
Precision, recall & F1: macro-averaged (equally weighted avg. of 10 classes)


=========================Confusion Matrix=========================
    0    1    2    3    4    5    6    7    8    9
---------------------------------------------------
  968    0    2    0    0    0    5    2    2    1 | 0 = 0
    0 1128    2    0    0    1    3    1    0    0 | 1 = 1
    1    0 1023    0    1    0    0    5    2    0 | 2 = 2
    0    0    3 1002    0    0    0    3    1    1 | 3 = 3
    0    0    1    0  973    0    1    0    0    7 | 4 = 4
    2    0    1   18    0  867    1    2    1    0 | 5 = 5
    3    1    0    0    4    2  944    0    4    0 | 6 = 6
    1    2    9    4    2    0    0 1005    0    5 | 7 = 7
    1    0    3    5    2    2    0    1  953    7 | 8 = 8
    0    2    0    7    6    0    0    3    0  991 | 9 = 9

Confusion matrix format: Actual (rowClass) predicted as (columnClass) N times
==================================================================
o.d.e.q.m.c.LeNetMNIST - Saving model to tmp folder: C:\Users\SAMUEL~1\AppData\Local\Temp\lenetmnist.zip
o.d.e.q.m.c.LeNetMNIST - ****************Example finished********************
Ending LenetMNIST
Beginning VaeMNISTAnomaly
]]></system-out>
  </testcase>
</testsuite>